<?xml version="1.0" encoding="UTF-8" standalone="yes"?>
<ns2:test-suite start="1482660472537" stop="1482660535709" version="1.4.23" xmlns:ns2="urn:model.allure.qatools.yandex.ru">
    <name>Tests : Test1</name>
    <title>Tests : Test1</title>
    <test-cases>
        <test-case start="1482660522792" stop="1482660522819" status="broken">
            <name>initPageObjects</name>
            <description>@BeforeMethod</description>
            <failure>
                <message>UnreachableBrowserException: Error communicating with the remote browser. It may have died.
Build info: version: '2.53.1', revision: 'a36b8b1cd5757287168e54b817830adce9b0158d', time: '2016-06-30 19:26:09'
System info: host: 'User-VAIO', ip: '192.168.56.1', os.name: 'Windows 7', os.arch: 'amd64', os.version: '6.1', java.version: '1.8.0_101'
Driver info: driver.version: RemoteWebDriver
Capabilities [{applicationCacheEnabled=true, rotatable=false, handlesAlerts=true, databaseEnabled=true, version=45.6.0, platform=WINDOWS, nativeEvents=false, acceptSslCerts=true, webStorageEnabled=true, locationContextEnabled=true, browserName=firefox, takesScreenshot=true, javascriptEnabled=true, cssSelectorsEnabled=true}]
Session ID: 7a904806-227e-4cfd-b9ca-7592be040b4a</message>
                <stack-trace>org.openqa.selenium.remote.UnreachableBrowserException: Error communicating with the remote browser. It may have died.
Build info: version: '2.53.1', revision: 'a36b8b1cd5757287168e54b817830adce9b0158d', time: '2016-06-30 19:26:09'
System info: host: 'User-VAIO', ip: '192.168.56.1', os.name: 'Windows 7', os.arch: 'amd64', os.version: '6.1', java.version: '1.8.0_101'
Driver info: driver.version: RemoteWebDriver
Capabilities [{applicationCacheEnabled=true, rotatable=false, handlesAlerts=true, databaseEnabled=true, version=45.6.0, platform=WINDOWS, nativeEvents=false, acceptSslCerts=true, webStorageEnabled=true, locationContextEnabled=true, browserName=firefox, takesScreenshot=true, javascriptEnabled=true, cssSelectorsEnabled=true}]
Session ID: 7a904806-227e-4cfd-b9ca-7592be040b4a
	at org.openqa.selenium.remote.RemoteWebDriver.execute(RemoteWebDriver.java:665)
	at org.openqa.selenium.remote.RemoteWebDriver.findElement(RemoteWebDriver.java:363)
	at org.openqa.selenium.remote.RemoteWebDriver.findElementByXPath(RemoteWebDriver.java:500)
	at org.openqa.selenium.By$ByXPath.findElement(By.java:361)
	at org.openqa.selenium.remote.RemoteWebDriver.findElement(RemoteWebDriver.java:355)
	at org.openqa.selenium.support.pagefactory.DefaultElementLocator.findElement(DefaultElementLocator.java:69)
	at org.openqa.selenium.support.pagefactory.internal.LocatingElementHandler.invoke(LocatingElementHandler.java:38)
	at com.sun.proxy.$Proxy10.sendKeys(Unknown Source)
	at com.example.pages.HomePage.signIn(HomePage.java:63)
	at com.example.ShopPageLogin.initPageObjects(ShopPageLogin.java:33)
	at sun.reflect.NativeMethodAccessorImpl.invoke0(Native Method)
	at sun.reflect.NativeMethodAccessorImpl.invoke(NativeMethodAccessorImpl.java:62)
	at sun.reflect.DelegatingMethodAccessorImpl.invoke(DelegatingMethodAccessorImpl.java:43)
	at java.lang.reflect.Method.invoke(Method.java:498)
	at org.testng.internal.MethodInvocationHelper.invokeMethod(MethodInvocationHelper.java:86)
	at org.testng.internal.Invoker.invokeConfigurationMethod(Invoker.java:514)
	at org.testng.internal.Invoker.invokeConfigurations(Invoker.java:215)
	at org.testng.internal.Invoker.invokeMethod(Invoker.java:589)
	at org.testng.internal.Invoker.invokeTestMethod(Invoker.java:820)
	at org.testng.internal.Invoker.invokeTestMethods(Invoker.java:1128)
	at org.testng.internal.TestMethodWorker.invokeTestMethods(TestMethodWorker.java:129)
	at org.testng.internal.TestMethodWorker.run(TestMethodWorker.java:112)
	at java.util.concurrent.ThreadPoolExecutor.runWorker(ThreadPoolExecutor.java:1142)
	at java.util.concurrent.ThreadPoolExecutor$Worker.run(ThreadPoolExecutor.java:617)
	at java.lang.Thread.run(Thread.java:745)
Caused by: org.apache.http.conn.HttpHostConnectException: Connect to 127.0.0.1:7056 [/127.0.0.1] failed: Connection refused: connect
	at org.apache.http.impl.conn.DefaultHttpClientConnectionOperator.connect(DefaultHttpClientConnectionOperator.java:158)
	at org.apache.http.impl.conn.PoolingHttpClientConnectionManager.connect(PoolingHttpClientConnectionManager.java:353)
	at org.apache.http.impl.execchain.MainClientExec.establishRoute(MainClientExec.java:380)
	at org.apache.http.impl.execchain.MainClientExec.execute(MainClientExec.java:236)
	at org.apache.http.impl.execchain.ProtocolExec.execute(ProtocolExec.java:184)
	at org.apache.http.impl.execchain.RetryExec.execute(RetryExec.java:88)
	at org.apache.http.impl.execchain.RedirectExec.execute(RedirectExec.java:110)
	at org.apache.http.impl.client.InternalHttpClient.doExecute(InternalHttpClient.java:184)
	at org.apache.http.impl.client.CloseableHttpClient.execute(CloseableHttpClient.java:71)
	at org.apache.http.impl.client.CloseableHttpClient.execute(CloseableHttpClient.java:55)
	at org.openqa.selenium.remote.internal.ApacheHttpClient.fallBackExecute(ApacheHttpClient.java:162)
	at org.openqa.selenium.remote.internal.ApacheHttpClient.execute(ApacheHttpClient.java:90)
	at org.openqa.selenium.remote.HttpCommandExecutor.execute(HttpCommandExecutor.java:142)
	at org.openqa.selenium.firefox.internal.NewProfileExtensionConnection.execute(NewProfileExtensionConnection.java:160)
	at org.openqa.selenium.firefox.FirefoxDriver$LazyCommandExecutor.execute(FirefoxDriver.java:380)
	at org.openqa.selenium.remote.RemoteWebDriver.execute(RemoteWebDriver.java:644)
	... 24 more
Caused by: java.net.ConnectException: Connection refused: connect
	at java.net.DualStackPlainSocketImpl.waitForConnect(Native Method)
	at java.net.DualStackPlainSocketImpl.socketConnect(DualStackPlainSocketImpl.java:85)
	at java.net.AbstractPlainSocketImpl.doConnect(AbstractPlainSocketImpl.java:350)
	at java.net.AbstractPlainSocketImpl.connectToAddress(AbstractPlainSocketImpl.java:206)
	at java.net.AbstractPlainSocketImpl.connect(AbstractPlainSocketImpl.java:188)
	at java.net.PlainSocketImpl.connect(PlainSocketImpl.java:172)
	at java.net.SocksSocketImpl.connect(SocksSocketImpl.java:392)
	at java.net.Socket.connect(Socket.java:589)
	at org.apache.http.conn.socket.PlainConnectionSocketFactory.connectSocket(PlainConnectionSocketFactory.java:74)
	at org.apache.http.impl.conn.DefaultHttpClientConnectionOperator.connect(DefaultHttpClientConnectionOperator.java:141)
	... 39 more
</stack-trace>
            </failure>
            <steps>
                <step start="1482660508008" stop="1482660515565" status="passed">
                    <name>open[http://ebay.com/]</name>
                    <title>Open url</title>
                </step>
                <step start="1482660515569" stop="1482660521954" status="broken">
                    <name>signIn[test_login, testp@ssword11]</name>
                    <title>Sign in</title>
                </step>
            </steps>
            <attachments/>
            <labels>
                <label name="host" value="User-VAIO"/>
                <label name="thread" value="7868@User-VAIO.pool-1-thread-2(15)"/>
            </labels>
        </test-case>
        <test-case start="1482660522824" stop="1482660522828" status="canceled">
            <name>checkSumAfterRemove</name>
            <description type="text">Test changing sum after clicking on the button remove</description>
            <failure>
                <message>: Skipped due to dependency on other skipped or failed test methods</message>
                <stack-trace>ru.yandex.qatools.allure.testng.AllureTestListener$1: Skipped due to dependency on other skipped or failed test methods
	at ru.yandex.qatools.allure.testng.AllureTestListener.fireTestCaseCancel(AllureTestListener.java:356)
	at ru.yandex.qatools.allure.testng.AllureTestListener.onTestSkipped(AllureTestListener.java:171)
	at org.testng.internal.Invoker.runTestListeners(Invoker.java:1683)
	at org.testng.internal.Invoker.runTestListeners(Invoker.java:1675)
	at org.testng.internal.Invoker.invokeMethod(Invoker.java:700)
	at org.testng.internal.Invoker.invokeTestMethod(Invoker.java:820)
	at org.testng.internal.Invoker.invokeTestMethods(Invoker.java:1128)
	at org.testng.internal.TestMethodWorker.invokeTestMethods(TestMethodWorker.java:129)
	at org.testng.internal.TestMethodWorker.run(TestMethodWorker.java:112)
	at java.util.concurrent.ThreadPoolExecutor.runWorker(ThreadPoolExecutor.java:1142)
	at java.util.concurrent.ThreadPoolExecutor$Worker.run(ThreadPoolExecutor.java:617)
	at java.lang.Thread.run(Thread.java:745)
</stack-trace>
            </failure>
            <steps/>
            <attachments/>
            <labels>
                <label name="severity" value="critical"/>
                <label name="host" value="User-VAIO"/>
                <label name="thread" value="7868@User-VAIO.pool-1-thread-2(15)"/>
            </labels>
        </test-case>
        <test-case start="1482660522824" stop="1482660522828" status="canceled">
            <name>checkSumAfterRemove</name>
            <description type="text">Test changing sum after clicking on the button remove</description>
            <failure>
                <message>: Skipped due to dependency on other skipped or failed test methods</message>
                <stack-trace>ru.yandex.qatools.allure.testng.AllureTestListener$1: Skipped due to dependency on other skipped or failed test methods
	at ru.yandex.qatools.allure.testng.AllureTestListener.fireTestCaseCancel(AllureTestListener.java:356)
	at ru.yandex.qatools.allure.testng.AllureTestListener.onTestSkipped(AllureTestListener.java:171)
	at org.testng.internal.Invoker.runTestListeners(Invoker.java:1683)
	at org.testng.internal.Invoker.runTestListeners(Invoker.java:1675)
	at org.testng.internal.Invoker.invokeMethod(Invoker.java:700)
	at org.testng.internal.Invoker.invokeTestMethod(Invoker.java:820)
	at org.testng.internal.Invoker.invokeTestMethods(Invoker.java:1128)
	at org.testng.internal.TestMethodWorker.invokeTestMethods(TestMethodWorker.java:129)
	at org.testng.internal.TestMethodWorker.run(TestMethodWorker.java:112)
	at java.util.concurrent.ThreadPoolExecutor.runWorker(ThreadPoolExecutor.java:1142)
	at java.util.concurrent.ThreadPoolExecutor$Worker.run(ThreadPoolExecutor.java:617)
	at java.lang.Thread.run(Thread.java:745)
</stack-trace>
            </failure>
            <steps/>
            <attachments/>
            <labels>
                <label name="severity" value="critical"/>
                <label name="host" value="User-VAIO"/>
                <label name="thread" value="7868@User-VAIO.pool-1-thread-2(15)"/>
            </labels>
        </test-case>
        <test-case start="1482660523896" stop="1482660523897" status="broken">
            <name>clean</name>
            <description>@AfterMethod</description>
            <failure>
                <message>UnreachableBrowserException: Error communicating with the remote browser. It may have died.
Build info: version: '2.53.1', revision: 'a36b8b1cd5757287168e54b817830adce9b0158d', time: '2016-06-30 19:26:09'
System info: host: 'User-VAIO', ip: '192.168.56.1', os.name: 'Windows 7', os.arch: 'amd64', os.version: '6.1', java.version: '1.8.0_101'
Driver info: driver.version: RemoteWebDriver
Capabilities [{applicationCacheEnabled=true, rotatable=false, handlesAlerts=true, databaseEnabled=true, version=45.6.0, platform=WINDOWS, nativeEvents=false, acceptSslCerts=true, webStorageEnabled=true, locationContextEnabled=true, browserName=firefox, takesScreenshot=true, javascriptEnabled=true, cssSelectorsEnabled=true}]
Session ID: 7a904806-227e-4cfd-b9ca-7592be040b4a</message>
                <stack-trace>org.openqa.selenium.remote.UnreachableBrowserException: Error communicating with the remote browser. It may have died.
Build info: version: '2.53.1', revision: 'a36b8b1cd5757287168e54b817830adce9b0158d', time: '2016-06-30 19:26:09'
System info: host: 'User-VAIO', ip: '192.168.56.1', os.name: 'Windows 7', os.arch: 'amd64', os.version: '6.1', java.version: '1.8.0_101'
Driver info: driver.version: RemoteWebDriver
Capabilities [{applicationCacheEnabled=true, rotatable=false, handlesAlerts=true, databaseEnabled=true, version=45.6.0, platform=WINDOWS, nativeEvents=false, acceptSslCerts=true, webStorageEnabled=true, locationContextEnabled=true, browserName=firefox, takesScreenshot=true, javascriptEnabled=true, cssSelectorsEnabled=true}]
Session ID: 7a904806-227e-4cfd-b9ca-7592be040b4a
	at org.openqa.selenium.remote.RemoteWebDriver.execute(RemoteWebDriver.java:665)
	at org.openqa.selenium.remote.RemoteWebDriver.get(RemoteWebDriver.java:316)
	at com.example.pages.ShoppingCartPage.goToShopCart(ShoppingCartPage.java:79)
	at com.example.pages.ShoppingCartPage.cleanCart(ShoppingCartPage.java:88)
	at com.example.ShopPageLogin.clean(ShopPageLogin.java:141)
	at sun.reflect.NativeMethodAccessorImpl.invoke0(Native Method)
	at sun.reflect.NativeMethodAccessorImpl.invoke(NativeMethodAccessorImpl.java:62)
	at sun.reflect.DelegatingMethodAccessorImpl.invoke(DelegatingMethodAccessorImpl.java:43)
	at java.lang.reflect.Method.invoke(Method.java:498)
	at org.testng.internal.MethodInvocationHelper.invokeMethod(MethodInvocationHelper.java:86)
	at org.testng.internal.Invoker.invokeConfigurationMethod(Invoker.java:514)
	at org.testng.internal.Invoker.invokeConfigurations(Invoker.java:215)
	at org.testng.internal.Invoker.invokeMethod(Invoker.java:707)
	at org.testng.internal.Invoker.invokeTestMethod(Invoker.java:820)
	at org.testng.internal.Invoker.invokeTestMethods(Invoker.java:1128)
	at org.testng.internal.TestMethodWorker.invokeTestMethods(TestMethodWorker.java:129)
	at org.testng.internal.TestMethodWorker.run(TestMethodWorker.java:112)
	at java.util.concurrent.ThreadPoolExecutor.runWorker(ThreadPoolExecutor.java:1142)
	at java.util.concurrent.ThreadPoolExecutor$Worker.run(ThreadPoolExecutor.java:617)
	at java.lang.Thread.run(Thread.java:745)
Caused by: org.apache.http.conn.HttpHostConnectException: Connect to 127.0.0.1:7056 [/127.0.0.1] failed: Connection refused: connect
	at org.apache.http.impl.conn.DefaultHttpClientConnectionOperator.connect(DefaultHttpClientConnectionOperator.java:158)
	at org.apache.http.impl.conn.PoolingHttpClientConnectionManager.connect(PoolingHttpClientConnectionManager.java:353)
	at org.apache.http.impl.execchain.MainClientExec.establishRoute(MainClientExec.java:380)
	at org.apache.http.impl.execchain.MainClientExec.execute(MainClientExec.java:236)
	at org.apache.http.impl.execchain.ProtocolExec.execute(ProtocolExec.java:184)
	at org.apache.http.impl.execchain.RetryExec.execute(RetryExec.java:88)
	at org.apache.http.impl.execchain.RedirectExec.execute(RedirectExec.java:110)
	at org.apache.http.impl.client.InternalHttpClient.doExecute(InternalHttpClient.java:184)
	at org.apache.http.impl.client.CloseableHttpClient.execute(CloseableHttpClient.java:71)
	at org.apache.http.impl.client.CloseableHttpClient.execute(CloseableHttpClient.java:55)
	at org.openqa.selenium.remote.internal.ApacheHttpClient.fallBackExecute(ApacheHttpClient.java:144)
	at org.openqa.selenium.remote.internal.ApacheHttpClient.execute(ApacheHttpClient.java:90)
	at org.openqa.selenium.remote.HttpCommandExecutor.execute(HttpCommandExecutor.java:142)
	at org.openqa.selenium.firefox.internal.NewProfileExtensionConnection.execute(NewProfileExtensionConnection.java:160)
	at org.openqa.selenium.firefox.FirefoxDriver$LazyCommandExecutor.execute(FirefoxDriver.java:380)
	at org.openqa.selenium.remote.RemoteWebDriver.execute(RemoteWebDriver.java:644)
	... 19 more
Caused by: java.net.ConnectException: Connection refused: connect
	at java.net.DualStackPlainSocketImpl.waitForConnect(Native Method)
	at java.net.DualStackPlainSocketImpl.socketConnect(DualStackPlainSocketImpl.java:85)
	at java.net.AbstractPlainSocketImpl.doConnect(AbstractPlainSocketImpl.java:350)
	at java.net.AbstractPlainSocketImpl.connectToAddress(AbstractPlainSocketImpl.java:206)
	at java.net.AbstractPlainSocketImpl.connect(AbstractPlainSocketImpl.java:188)
	at java.net.PlainSocketImpl.connect(PlainSocketImpl.java:172)
	at java.net.SocksSocketImpl.connect(SocksSocketImpl.java:392)
	at java.net.Socket.connect(Socket.java:589)
	at org.apache.http.conn.socket.PlainConnectionSocketFactory.connectSocket(PlainConnectionSocketFactory.java:74)
	at org.apache.http.impl.conn.DefaultHttpClientConnectionOperator.connect(DefaultHttpClientConnectionOperator.java:141)
	... 34 more
</stack-trace>
            </failure>
            <steps>
                <step start="1482660522833" stop="1482660523890" status="broken">
                    <name>cleanCart</name>
                    <title>Remove item from shop cart</title>
                    <steps>
                        <step start="1482660522836" stop="1482660523890" status="broken">
                            <name>goToShopCart</name>
                            <title>Go to shopcart</title>
                        </step>
                    </steps>
                </step>
            </steps>
            <attachments/>
            <labels>
                <label name="host" value="User-VAIO"/>
                <label name="thread" value="7868@User-VAIO.pool-1-thread-2(15)"/>
            </labels>
        </test-case>
        <test-case start="1482660523899" stop="1482660523900" status="canceled">
            <name>initWebDriver</name>
            <description>@BeforeMethod</description>
            <failure>
                <message>: Skipped due to dependency on other skipped or failed test methods</message>
                <stack-trace>ru.yandex.qatools.allure.testng.AllureTestListener$1: Skipped due to dependency on other skipped or failed test methods
	at ru.yandex.qatools.allure.testng.AllureTestListener.fireTestCaseCancel(AllureTestListener.java:356)
	at ru.yandex.qatools.allure.testng.AllureTestListener.onConfigurationSkip(AllureTestListener.java:116)
	at org.testng.internal.Invoker.runConfigurationListeners(Invoker.java:1661)
	at org.testng.internal.Invoker.handleConfigurationSkip(Invoker.java:257)
	at org.testng.internal.Invoker.invokeConfigurations(Invoker.java:195)
	at org.testng.internal.Invoker.invokeMethod(Invoker.java:589)
	at org.testng.internal.Invoker.invokeTestMethod(Invoker.java:820)
	at org.testng.internal.Invoker.invokeTestMethods(Invoker.java:1128)
	at org.testng.internal.TestMethodWorker.invokeTestMethods(TestMethodWorker.java:129)
	at org.testng.internal.TestMethodWorker.run(TestMethodWorker.java:112)
	at java.util.concurrent.ThreadPoolExecutor.runWorker(ThreadPoolExecutor.java:1142)
	at java.util.concurrent.ThreadPoolExecutor$Worker.run(ThreadPoolExecutor.java:617)
	at java.lang.Thread.run(Thread.java:745)
</stack-trace>
            </failure>
            <steps/>
            <attachments/>
            <labels>
                <label name="host" value="User-VAIO"/>
                <label name="thread" value="7868@User-VAIO.pool-1-thread-2(15)"/>
            </labels>
        </test-case>
        <test-case start="1482660523902" stop="1482660523903" status="canceled">
            <name>checkSumAfterSaveForLater</name>
            <description type="text">Test changing sum after clicking on the button save for later</description>
            <failure>
                <message>: Skipped due to dependency on other skipped or failed test methods</message>
                <stack-trace>ru.yandex.qatools.allure.testng.AllureTestListener$1: Skipped due to dependency on other skipped or failed test methods
	at ru.yandex.qatools.allure.testng.AllureTestListener.fireTestCaseCancel(AllureTestListener.java:356)
	at ru.yandex.qatools.allure.testng.AllureTestListener.onTestSkipped(AllureTestListener.java:171)
	at org.testng.internal.Invoker.runTestListeners(Invoker.java:1683)
	at org.testng.internal.Invoker.runTestListeners(Invoker.java:1675)
	at org.testng.internal.Invoker.invokeMethod(Invoker.java:700)
	at org.testng.internal.Invoker.invokeTestMethod(Invoker.java:820)
	at org.testng.internal.Invoker.invokeTestMethods(Invoker.java:1128)
	at org.testng.internal.TestMethodWorker.invokeTestMethods(TestMethodWorker.java:129)
	at org.testng.internal.TestMethodWorker.run(TestMethodWorker.java:112)
	at java.util.concurrent.ThreadPoolExecutor.runWorker(ThreadPoolExecutor.java:1142)
	at java.util.concurrent.ThreadPoolExecutor$Worker.run(ThreadPoolExecutor.java:617)
	at java.lang.Thread.run(Thread.java:745)
</stack-trace>
            </failure>
            <steps/>
            <attachments/>
            <labels>
                <label name="severity" value="critical"/>
                <label name="host" value="User-VAIO"/>
                <label name="thread" value="7868@User-VAIO.pool-1-thread-2(15)"/>
            </labels>
        </test-case>
        <test-case start="1482660523902" stop="1482660523903" status="canceled">
            <name>checkSumAfterSaveForLater</name>
            <description type="text">Test changing sum after clicking on the button save for later</description>
            <failure>
                <message>: Skipped due to dependency on other skipped or failed test methods</message>
                <stack-trace>ru.yandex.qatools.allure.testng.AllureTestListener$1: Skipped due to dependency on other skipped or failed test methods
	at ru.yandex.qatools.allure.testng.AllureTestListener.fireTestCaseCancel(AllureTestListener.java:356)
	at ru.yandex.qatools.allure.testng.AllureTestListener.onTestSkipped(AllureTestListener.java:171)
	at org.testng.internal.Invoker.runTestListeners(Invoker.java:1683)
	at org.testng.internal.Invoker.runTestListeners(Invoker.java:1675)
	at org.testng.internal.Invoker.invokeMethod(Invoker.java:700)
	at org.testng.internal.Invoker.invokeTestMethod(Invoker.java:820)
	at org.testng.internal.Invoker.invokeTestMethods(Invoker.java:1128)
	at org.testng.internal.TestMethodWorker.invokeTestMethods(TestMethodWorker.java:129)
	at org.testng.internal.TestMethodWorker.run(TestMethodWorker.java:112)
	at java.util.concurrent.ThreadPoolExecutor.runWorker(ThreadPoolExecutor.java:1142)
	at java.util.concurrent.ThreadPoolExecutor$Worker.run(ThreadPoolExecutor.java:617)
	at java.lang.Thread.run(Thread.java:745)
</stack-trace>
            </failure>
            <steps/>
            <attachments/>
            <labels>
                <label name="severity" value="critical"/>
                <label name="host" value="User-VAIO"/>
                <label name="thread" value="7868@User-VAIO.pool-1-thread-2(15)"/>
            </labels>
        </test-case>
        <test-case start="1482660524999" stop="1482660525000" status="canceled">
            <name>checkSumBackToCart</name>
            <description type="text">Test changing sum after clicking on the button back to shop cart</description>
            <failure>
                <message>: Skipped due to dependency on other skipped or failed test methods</message>
                <stack-trace>ru.yandex.qatools.allure.testng.AllureTestListener$1: Skipped due to dependency on other skipped or failed test methods
	at ru.yandex.qatools.allure.testng.AllureTestListener.fireTestCaseCancel(AllureTestListener.java:356)
	at ru.yandex.qatools.allure.testng.AllureTestListener.onTestSkipped(AllureTestListener.java:171)
	at org.testng.internal.Invoker.runTestListeners(Invoker.java:1683)
	at org.testng.internal.Invoker.runTestListeners(Invoker.java:1675)
	at org.testng.internal.Invoker.invokeMethod(Invoker.java:700)
	at org.testng.internal.Invoker.invokeTestMethod(Invoker.java:820)
	at org.testng.internal.Invoker.invokeTestMethods(Invoker.java:1128)
	at org.testng.internal.TestMethodWorker.invokeTestMethods(TestMethodWorker.java:129)
	at org.testng.internal.TestMethodWorker.run(TestMethodWorker.java:112)
	at java.util.concurrent.ThreadPoolExecutor.runWorker(ThreadPoolExecutor.java:1142)
	at java.util.concurrent.ThreadPoolExecutor$Worker.run(ThreadPoolExecutor.java:617)
	at java.lang.Thread.run(Thread.java:745)
</stack-trace>
            </failure>
            <steps>
                <step start="1482660523906" stop="1482660524990" status="broken">
                    <name>cleanCart</name>
                    <title>Remove item from shop cart</title>
                    <steps>
                        <step start="1482660523908" stop="1482660524990" status="broken">
                            <name>goToShopCart</name>
                            <title>Go to shopcart</title>
                        </step>
                    </steps>
                </step>
            </steps>
            <attachments/>
            <labels>
                <label name="severity" value="critical"/>
                <label name="host" value="User-VAIO"/>
                <label name="thread" value="7868@User-VAIO.pool-1-thread-2(15)"/>
            </labels>
        </test-case>
        <test-case start="1482660524999" stop="1482660525000" status="canceled">
            <name>checkSumBackToCart</name>
            <description type="text">Test changing sum after clicking on the button back to shop cart</description>
            <failure>
                <message>: Skipped due to dependency on other skipped or failed test methods</message>
                <stack-trace>ru.yandex.qatools.allure.testng.AllureTestListener$1: Skipped due to dependency on other skipped or failed test methods
	at ru.yandex.qatools.allure.testng.AllureTestListener.fireTestCaseCancel(AllureTestListener.java:356)
	at ru.yandex.qatools.allure.testng.AllureTestListener.onTestSkipped(AllureTestListener.java:171)
	at org.testng.internal.Invoker.runTestListeners(Invoker.java:1683)
	at org.testng.internal.Invoker.runTestListeners(Invoker.java:1675)
	at org.testng.internal.Invoker.invokeMethod(Invoker.java:700)
	at org.testng.internal.Invoker.invokeTestMethod(Invoker.java:820)
	at org.testng.internal.Invoker.invokeTestMethods(Invoker.java:1128)
	at org.testng.internal.TestMethodWorker.invokeTestMethods(TestMethodWorker.java:129)
	at org.testng.internal.TestMethodWorker.run(TestMethodWorker.java:112)
	at java.util.concurrent.ThreadPoolExecutor.runWorker(ThreadPoolExecutor.java:1142)
	at java.util.concurrent.ThreadPoolExecutor$Worker.run(ThreadPoolExecutor.java:617)
	at java.lang.Thread.run(Thread.java:745)
</stack-trace>
            </failure>
            <steps>
                <step start="1482660523906" stop="1482660524990" status="broken">
                    <name>cleanCart</name>
                    <title>Remove item from shop cart</title>
                    <steps>
                        <step start="1482660523908" stop="1482660524990" status="broken">
                            <name>goToShopCart</name>
                            <title>Go to shopcart</title>
                        </step>
                    </steps>
                </step>
            </steps>
            <attachments/>
            <labels>
                <label name="severity" value="critical"/>
                <label name="host" value="User-VAIO"/>
                <label name="thread" value="7868@User-VAIO.pool-1-thread-2(15)"/>
            </labels>
        </test-case>
        <test-case start="1482660526091" stop="1482660526092" status="canceled">
            <name>testAddToCart</name>
            <title>Check has product added to cart</title>
            <description type="text">In this test is checked has product card add to cart or not</description>
            <failure>
                <message>: Skipped due to dependency on other skipped or failed test methods</message>
                <stack-trace>ru.yandex.qatools.allure.testng.AllureTestListener$1: Skipped due to dependency on other skipped or failed test methods
	at ru.yandex.qatools.allure.testng.AllureTestListener.fireTestCaseCancel(AllureTestListener.java:356)
	at ru.yandex.qatools.allure.testng.AllureTestListener.onTestSkipped(AllureTestListener.java:171)
	at org.testng.internal.Invoker.runTestListeners(Invoker.java:1683)
	at org.testng.internal.Invoker.runTestListeners(Invoker.java:1675)
	at org.testng.internal.Invoker.invokeMethod(Invoker.java:700)
	at org.testng.internal.Invoker.invokeTestMethod(Invoker.java:820)
	at org.testng.internal.Invoker.invokeTestMethods(Invoker.java:1128)
	at org.testng.internal.TestMethodWorker.invokeTestMethods(TestMethodWorker.java:129)
	at org.testng.internal.TestMethodWorker.run(TestMethodWorker.java:112)
	at java.util.concurrent.ThreadPoolExecutor.runWorker(ThreadPoolExecutor.java:1142)
	at java.util.concurrent.ThreadPoolExecutor$Worker.run(ThreadPoolExecutor.java:617)
	at java.lang.Thread.run(Thread.java:745)
</stack-trace>
            </failure>
            <steps>
                <step start="1482660525033" stop="1482660526084" status="broken">
                    <name>cleanCart</name>
                    <title>Remove item from shop cart</title>
                    <steps>
                        <step start="1482660525036" stop="1482660526084" status="broken">
                            <name>goToShopCart</name>
                            <title>Go to shopcart</title>
                        </step>
                    </steps>
                </step>
            </steps>
            <attachments/>
            <labels>
                <label name="severity" value="critical"/>
                <label name="host" value="User-VAIO"/>
                <label name="thread" value="7868@User-VAIO.pool-1-thread-2(15)"/>
            </labels>
        </test-case>
        <test-case start="1482660526091" stop="1482660526092" status="canceled">
            <name>testAddToCart</name>
            <title>Check has product added to cart</title>
            <description type="text">In this test is checked has product card add to cart or not</description>
            <failure>
                <message>: Skipped due to dependency on other skipped or failed test methods</message>
                <stack-trace>ru.yandex.qatools.allure.testng.AllureTestListener$1: Skipped due to dependency on other skipped or failed test methods
	at ru.yandex.qatools.allure.testng.AllureTestListener.fireTestCaseCancel(AllureTestListener.java:356)
	at ru.yandex.qatools.allure.testng.AllureTestListener.onTestSkipped(AllureTestListener.java:171)
	at org.testng.internal.Invoker.runTestListeners(Invoker.java:1683)
	at org.testng.internal.Invoker.runTestListeners(Invoker.java:1675)
	at org.testng.internal.Invoker.invokeMethod(Invoker.java:700)
	at org.testng.internal.Invoker.invokeTestMethod(Invoker.java:820)
	at org.testng.internal.Invoker.invokeTestMethods(Invoker.java:1128)
	at org.testng.internal.TestMethodWorker.invokeTestMethods(TestMethodWorker.java:129)
	at org.testng.internal.TestMethodWorker.run(TestMethodWorker.java:112)
	at java.util.concurrent.ThreadPoolExecutor.runWorker(ThreadPoolExecutor.java:1142)
	at java.util.concurrent.ThreadPoolExecutor$Worker.run(ThreadPoolExecutor.java:617)
	at java.lang.Thread.run(Thread.java:745)
</stack-trace>
            </failure>
            <steps>
                <step start="1482660525033" stop="1482660526084" status="broken">
                    <name>cleanCart</name>
                    <title>Remove item from shop cart</title>
                    <steps>
                        <step start="1482660525036" stop="1482660526084" status="broken">
                            <name>goToShopCart</name>
                            <title>Go to shopcart</title>
                        </step>
                    </steps>
                </step>
            </steps>
            <attachments/>
            <labels>
                <label name="severity" value="critical"/>
                <label name="host" value="User-VAIO"/>
                <label name="thread" value="7868@User-VAIO.pool-1-thread-2(15)"/>
            </labels>
        </test-case>
        <test-case start="1482660526817" stop="1482660526818" status="canceled">
            <name>testAddToCart</name>
            <title>Check has product added to cart</title>
            <description type="text">In this test is checked has product card add to cart or not</description>
            <failure>
                <message>: Skipped due to dependency on other skipped or failed test methods</message>
                <stack-trace>ru.yandex.qatools.allure.testng.AllureTestListener$1: Skipped due to dependency on other skipped or failed test methods
	at ru.yandex.qatools.allure.testng.AllureTestListener.fireTestCaseCancel(AllureTestListener.java:356)
	at ru.yandex.qatools.allure.testng.AllureTestListener.onTestSkipped(AllureTestListener.java:171)
	at org.testng.internal.Invoker.runTestListeners(Invoker.java:1683)
	at org.testng.internal.Invoker.runTestListeners(Invoker.java:1675)
	at org.testng.internal.Invoker.invokeMethod(Invoker.java:700)
	at org.testng.internal.Invoker.invokeTestMethod(Invoker.java:820)
	at org.testng.internal.Invoker.invokeTestMethods(Invoker.java:1128)
	at org.testng.internal.TestMethodWorker.invokeTestMethods(TestMethodWorker.java:129)
	at org.testng.internal.TestMethodWorker.run(TestMethodWorker.java:112)
	at java.util.concurrent.ThreadPoolExecutor.runWorker(ThreadPoolExecutor.java:1142)
	at java.util.concurrent.ThreadPoolExecutor$Worker.run(ThreadPoolExecutor.java:617)
	at java.lang.Thread.run(Thread.java:745)
</stack-trace>
            </failure>
            <steps>
                <step start="1482660499770" stop="1482660526807" status="broken">
                    <name>Root step</name>
                    <title>Allure step processing error: if you see this step something went wrong.</title>
                    <steps>
                        <step start="1482660499769" stop="1482660507183" status="passed">
                            <name>open[http://ebay.com/]</name>
                            <title>Open url</title>
                        </step>
                        <step start="1482660507193" stop="1482660525801" status="passed">
                            <name>sendSearchRequest[iphone 7]</name>
                            <title>Open main page and send search request</title>
                            <attachments>
                                <attachment title="makeScreenshot" source="aec9783d-f9dc-45fd-a184-a467c323b9c1-attachment.png" type="image/png"/>
                            </attachments>
                        </step>
                    </steps>
                </step>
            </steps>
            <attachments/>
            <labels>
                <label name="severity" value="critical"/>
                <label name="host" value="User-VAIO"/>
                <label name="thread" value="7868@User-VAIO.pool-1-thread-1(14)"/>
            </labels>
        </test-case>
        <test-case start="1482660526817" stop="1482660526818" status="canceled">
            <name>testAddToCart</name>
            <title>Check has product added to cart</title>
            <description type="text">In this test is checked has product card add to cart or not</description>
            <failure>
                <message>: Skipped due to dependency on other skipped or failed test methods</message>
                <stack-trace>ru.yandex.qatools.allure.testng.AllureTestListener$1: Skipped due to dependency on other skipped or failed test methods
	at ru.yandex.qatools.allure.testng.AllureTestListener.fireTestCaseCancel(AllureTestListener.java:356)
	at ru.yandex.qatools.allure.testng.AllureTestListener.onTestSkipped(AllureTestListener.java:171)
	at org.testng.internal.Invoker.runTestListeners(Invoker.java:1683)
	at org.testng.internal.Invoker.runTestListeners(Invoker.java:1675)
	at org.testng.internal.Invoker.invokeMethod(Invoker.java:700)
	at org.testng.internal.Invoker.invokeTestMethod(Invoker.java:820)
	at org.testng.internal.Invoker.invokeTestMethods(Invoker.java:1128)
	at org.testng.internal.TestMethodWorker.invokeTestMethods(TestMethodWorker.java:129)
	at org.testng.internal.TestMethodWorker.run(TestMethodWorker.java:112)
	at java.util.concurrent.ThreadPoolExecutor.runWorker(ThreadPoolExecutor.java:1142)
	at java.util.concurrent.ThreadPoolExecutor$Worker.run(ThreadPoolExecutor.java:617)
	at java.lang.Thread.run(Thread.java:745)
</stack-trace>
            </failure>
            <steps>
                <step start="1482660499770" stop="1482660526807" status="broken">
                    <name>Root step</name>
                    <title>Allure step processing error: if you see this step something went wrong.</title>
                    <steps>
                        <step start="1482660499769" stop="1482660507183" status="passed">
                            <name>open[http://ebay.com/]</name>
                            <title>Open url</title>
                        </step>
                        <step start="1482660507193" stop="1482660525801" status="passed">
                            <name>sendSearchRequest[iphone 7]</name>
                            <title>Open main page and send search request</title>
                            <attachments>
                                <attachment title="makeScreenshot" source="aec9783d-f9dc-45fd-a184-a467c323b9c1-attachment.png" type="image/png"/>
                            </attachments>
                        </step>
                    </steps>
                </step>
            </steps>
            <attachments/>
            <labels>
                <label name="severity" value="critical"/>
                <label name="host" value="User-VAIO"/>
                <label name="thread" value="7868@User-VAIO.pool-1-thread-1(14)"/>
            </labels>
        </test-case>
        <test-case start="1482660527113" stop="1482660527115" status="canceled">
            <name>testBackToCart</name>
            <description type="text">Check back product to cart or not</description>
            <failure>
                <message>: Skipped due to dependency on other skipped or failed test methods</message>
                <stack-trace>ru.yandex.qatools.allure.testng.AllureTestListener$1: Skipped due to dependency on other skipped or failed test methods
	at ru.yandex.qatools.allure.testng.AllureTestListener.fireTestCaseCancel(AllureTestListener.java:356)
	at ru.yandex.qatools.allure.testng.AllureTestListener.onTestSkipped(AllureTestListener.java:171)
	at org.testng.internal.Invoker.runTestListeners(Invoker.java:1683)
	at org.testng.internal.Invoker.runTestListeners(Invoker.java:1675)
	at org.testng.internal.Invoker.invokeMethod(Invoker.java:700)
	at org.testng.internal.Invoker.invokeTestMethod(Invoker.java:820)
	at org.testng.internal.Invoker.invokeTestMethods(Invoker.java:1128)
	at org.testng.internal.TestMethodWorker.invokeTestMethods(TestMethodWorker.java:129)
	at org.testng.internal.TestMethodWorker.run(TestMethodWorker.java:112)
	at java.util.concurrent.ThreadPoolExecutor.runWorker(ThreadPoolExecutor.java:1142)
	at java.util.concurrent.ThreadPoolExecutor$Worker.run(ThreadPoolExecutor.java:617)
	at java.lang.Thread.run(Thread.java:745)
</stack-trace>
            </failure>
            <steps>
                <step start="1482660526094" stop="1482660527104" status="broken">
                    <name>cleanCart</name>
                    <title>Remove item from shop cart</title>
                    <steps>
                        <step start="1482660526096" stop="1482660527104" status="broken">
                            <name>goToShopCart</name>
                            <title>Go to shopcart</title>
                        </step>
                    </steps>
                </step>
            </steps>
            <attachments/>
            <labels>
                <label name="severity" value="normal"/>
                <label name="host" value="User-VAIO"/>
                <label name="thread" value="7868@User-VAIO.pool-1-thread-2(15)"/>
            </labels>
        </test-case>
        <test-case start="1482660527113" stop="1482660527115" status="canceled">
            <name>testBackToCart</name>
            <description type="text">Check back product to cart or not</description>
            <failure>
                <message>: Skipped due to dependency on other skipped or failed test methods</message>
                <stack-trace>ru.yandex.qatools.allure.testng.AllureTestListener$1: Skipped due to dependency on other skipped or failed test methods
	at ru.yandex.qatools.allure.testng.AllureTestListener.fireTestCaseCancel(AllureTestListener.java:356)
	at ru.yandex.qatools.allure.testng.AllureTestListener.onTestSkipped(AllureTestListener.java:171)
	at org.testng.internal.Invoker.runTestListeners(Invoker.java:1683)
	at org.testng.internal.Invoker.runTestListeners(Invoker.java:1675)
	at org.testng.internal.Invoker.invokeMethod(Invoker.java:700)
	at org.testng.internal.Invoker.invokeTestMethod(Invoker.java:820)
	at org.testng.internal.Invoker.invokeTestMethods(Invoker.java:1128)
	at org.testng.internal.TestMethodWorker.invokeTestMethods(TestMethodWorker.java:129)
	at org.testng.internal.TestMethodWorker.run(TestMethodWorker.java:112)
	at java.util.concurrent.ThreadPoolExecutor.runWorker(ThreadPoolExecutor.java:1142)
	at java.util.concurrent.ThreadPoolExecutor$Worker.run(ThreadPoolExecutor.java:617)
	at java.lang.Thread.run(Thread.java:745)
</stack-trace>
            </failure>
            <steps>
                <step start="1482660526094" stop="1482660527104" status="broken">
                    <name>cleanCart</name>
                    <title>Remove item from shop cart</title>
                    <steps>
                        <step start="1482660526096" stop="1482660527104" status="broken">
                            <name>goToShopCart</name>
                            <title>Go to shopcart</title>
                        </step>
                    </steps>
                </step>
            </steps>
            <attachments/>
            <labels>
                <label name="severity" value="normal"/>
                <label name="host" value="User-VAIO"/>
                <label name="thread" value="7868@User-VAIO.pool-1-thread-2(15)"/>
            </labels>
        </test-case>
        <test-case start="1482660527831" stop="1482660527831" status="canceled">
            <name>testCleanCart</name>
            <description type="text">Test send search request and get hashmap of shippet titles. Then it iterate through items and add it to shop cart. After adding to shop cart each item is removed from cart</description>
            <failure>
                <message>: Skipped due to dependency on other skipped or failed test methods</message>
                <stack-trace>ru.yandex.qatools.allure.testng.AllureTestListener$1: Skipped due to dependency on other skipped or failed test methods
	at ru.yandex.qatools.allure.testng.AllureTestListener.fireTestCaseCancel(AllureTestListener.java:356)
	at ru.yandex.qatools.allure.testng.AllureTestListener.onTestSkipped(AllureTestListener.java:171)
	at org.testng.internal.Invoker.runTestListeners(Invoker.java:1683)
	at org.testng.internal.Invoker.runTestListeners(Invoker.java:1675)
	at org.testng.internal.Invoker.invokeMethod(Invoker.java:700)
	at org.testng.internal.Invoker.invokeTestMethod(Invoker.java:820)
	at org.testng.internal.Invoker.invokeTestMethods(Invoker.java:1128)
	at org.testng.internal.TestMethodWorker.invokeTestMethods(TestMethodWorker.java:129)
	at org.testng.internal.TestMethodWorker.run(TestMethodWorker.java:112)
	at java.util.concurrent.ThreadPoolExecutor.runWorker(ThreadPoolExecutor.java:1142)
	at java.util.concurrent.ThreadPoolExecutor$Worker.run(ThreadPoolExecutor.java:617)
	at java.lang.Thread.run(Thread.java:745)
</stack-trace>
            </failure>
            <steps>
                <step start="1482660526821" stop="1482660527823" status="broken">
                    <name>clearChache</name>
                    <title>delete cookie</title>
                </step>
            </steps>
            <attachments/>
            <labels>
                <label name="severity" value="normal"/>
                <label name="host" value="User-VAIO"/>
                <label name="thread" value="7868@User-VAIO.pool-1-thread-1(14)"/>
            </labels>
        </test-case>
        <test-case start="1482660527831" stop="1482660527831" status="canceled">
            <name>testCleanCart</name>
            <description type="text">Test send search request and get hashmap of shippet titles. Then it iterate through items and add it to shop cart. After adding to shop cart each item is removed from cart</description>
            <failure>
                <message>: Skipped due to dependency on other skipped or failed test methods</message>
                <stack-trace>ru.yandex.qatools.allure.testng.AllureTestListener$1: Skipped due to dependency on other skipped or failed test methods
	at ru.yandex.qatools.allure.testng.AllureTestListener.fireTestCaseCancel(AllureTestListener.java:356)
	at ru.yandex.qatools.allure.testng.AllureTestListener.onTestSkipped(AllureTestListener.java:171)
	at org.testng.internal.Invoker.runTestListeners(Invoker.java:1683)
	at org.testng.internal.Invoker.runTestListeners(Invoker.java:1675)
	at org.testng.internal.Invoker.invokeMethod(Invoker.java:700)
	at org.testng.internal.Invoker.invokeTestMethod(Invoker.java:820)
	at org.testng.internal.Invoker.invokeTestMethods(Invoker.java:1128)
	at org.testng.internal.TestMethodWorker.invokeTestMethods(TestMethodWorker.java:129)
	at org.testng.internal.TestMethodWorker.run(TestMethodWorker.java:112)
	at java.util.concurrent.ThreadPoolExecutor.runWorker(ThreadPoolExecutor.java:1142)
	at java.util.concurrent.ThreadPoolExecutor$Worker.run(ThreadPoolExecutor.java:617)
	at java.lang.Thread.run(Thread.java:745)
</stack-trace>
            </failure>
            <steps>
                <step start="1482660526821" stop="1482660527823" status="broken">
                    <name>clearChache</name>
                    <title>delete cookie</title>
                </step>
            </steps>
            <attachments/>
            <labels>
                <label name="severity" value="normal"/>
                <label name="host" value="User-VAIO"/>
                <label name="thread" value="7868@User-VAIO.pool-1-thread-1(14)"/>
            </labels>
        </test-case>
        <test-case start="1482660528136" stop="1482660528137" status="canceled">
            <name>testCleanCart</name>
            <description type="text">Test send search request and get hashmap of shippet titles. Then it iterate through items and add it to shop cart. After adding to shop cart each item is removed from cart</description>
            <failure>
                <message>: Skipped due to dependency on other skipped or failed test methods</message>
                <stack-trace>ru.yandex.qatools.allure.testng.AllureTestListener$1: Skipped due to dependency on other skipped or failed test methods
	at ru.yandex.qatools.allure.testng.AllureTestListener.fireTestCaseCancel(AllureTestListener.java:356)
	at ru.yandex.qatools.allure.testng.AllureTestListener.onTestSkipped(AllureTestListener.java:171)
	at org.testng.internal.Invoker.runTestListeners(Invoker.java:1683)
	at org.testng.internal.Invoker.runTestListeners(Invoker.java:1675)
	at org.testng.internal.Invoker.invokeMethod(Invoker.java:700)
	at org.testng.internal.Invoker.invokeTestMethod(Invoker.java:820)
	at org.testng.internal.Invoker.invokeTestMethods(Invoker.java:1128)
	at org.testng.internal.TestMethodWorker.invokeTestMethods(TestMethodWorker.java:129)
	at org.testng.internal.TestMethodWorker.run(TestMethodWorker.java:112)
	at java.util.concurrent.ThreadPoolExecutor.runWorker(ThreadPoolExecutor.java:1142)
	at java.util.concurrent.ThreadPoolExecutor$Worker.run(ThreadPoolExecutor.java:617)
	at java.lang.Thread.run(Thread.java:745)
</stack-trace>
            </failure>
            <steps>
                <step start="1482660527118" stop="1482660528130" status="broken">
                    <name>cleanCart</name>
                    <title>Remove item from shop cart</title>
                    <steps>
                        <step start="1482660527121" stop="1482660528130" status="broken">
                            <name>goToShopCart</name>
                            <title>Go to shopcart</title>
                        </step>
                    </steps>
                </step>
            </steps>
            <attachments/>
            <labels>
                <label name="severity" value="normal"/>
                <label name="host" value="User-VAIO"/>
                <label name="thread" value="7868@User-VAIO.pool-1-thread-2(15)"/>
            </labels>
        </test-case>
        <test-case start="1482660528136" stop="1482660528137" status="canceled">
            <name>testCleanCart</name>
            <description type="text">Test send search request and get hashmap of shippet titles. Then it iterate through items and add it to shop cart. After adding to shop cart each item is removed from cart</description>
            <failure>
                <message>: Skipped due to dependency on other skipped or failed test methods</message>
                <stack-trace>ru.yandex.qatools.allure.testng.AllureTestListener$1: Skipped due to dependency on other skipped or failed test methods
	at ru.yandex.qatools.allure.testng.AllureTestListener.fireTestCaseCancel(AllureTestListener.java:356)
	at ru.yandex.qatools.allure.testng.AllureTestListener.onTestSkipped(AllureTestListener.java:171)
	at org.testng.internal.Invoker.runTestListeners(Invoker.java:1683)
	at org.testng.internal.Invoker.runTestListeners(Invoker.java:1675)
	at org.testng.internal.Invoker.invokeMethod(Invoker.java:700)
	at org.testng.internal.Invoker.invokeTestMethod(Invoker.java:820)
	at org.testng.internal.Invoker.invokeTestMethods(Invoker.java:1128)
	at org.testng.internal.TestMethodWorker.invokeTestMethods(TestMethodWorker.java:129)
	at org.testng.internal.TestMethodWorker.run(TestMethodWorker.java:112)
	at java.util.concurrent.ThreadPoolExecutor.runWorker(ThreadPoolExecutor.java:1142)
	at java.util.concurrent.ThreadPoolExecutor$Worker.run(ThreadPoolExecutor.java:617)
	at java.lang.Thread.run(Thread.java:745)
</stack-trace>
            </failure>
            <steps>
                <step start="1482660527118" stop="1482660528130" status="broken">
                    <name>cleanCart</name>
                    <title>Remove item from shop cart</title>
                    <steps>
                        <step start="1482660527121" stop="1482660528130" status="broken">
                            <name>goToShopCart</name>
                            <title>Go to shopcart</title>
                        </step>
                    </steps>
                </step>
            </steps>
            <attachments/>
            <labels>
                <label name="severity" value="normal"/>
                <label name="host" value="User-VAIO"/>
                <label name="thread" value="7868@User-VAIO.pool-1-thread-2(15)"/>
            </labels>
        </test-case>
        <test-case start="1482660528844" stop="1482660528845" status="canceled">
            <name>testContinueShopping</name>
            <description type="text">Test checks, redirected user to the page continue shopping after clicking to the btn continue shoppping or not</description>
            <failure>
                <message>: Skipped due to dependency on other skipped or failed test methods</message>
                <stack-trace>ru.yandex.qatools.allure.testng.AllureTestListener$1: Skipped due to dependency on other skipped or failed test methods
	at ru.yandex.qatools.allure.testng.AllureTestListener.fireTestCaseCancel(AllureTestListener.java:356)
	at ru.yandex.qatools.allure.testng.AllureTestListener.onTestSkipped(AllureTestListener.java:171)
	at org.testng.internal.Invoker.runTestListeners(Invoker.java:1683)
	at org.testng.internal.Invoker.runTestListeners(Invoker.java:1675)
	at org.testng.internal.Invoker.invokeMethod(Invoker.java:700)
	at org.testng.internal.Invoker.invokeTestMethod(Invoker.java:820)
	at org.testng.internal.Invoker.invokeTestMethods(Invoker.java:1128)
	at org.testng.internal.TestMethodWorker.invokeTestMethods(TestMethodWorker.java:129)
	at org.testng.internal.TestMethodWorker.run(TestMethodWorker.java:112)
	at java.util.concurrent.ThreadPoolExecutor.runWorker(ThreadPoolExecutor.java:1142)
	at java.util.concurrent.ThreadPoolExecutor$Worker.run(ThreadPoolExecutor.java:617)
	at java.lang.Thread.run(Thread.java:745)
</stack-trace>
            </failure>
            <steps>
                <step start="1482660527834" stop="1482660528836" status="broken">
                    <name>clearChache</name>
                    <title>delete cookie</title>
                </step>
            </steps>
            <attachments/>
            <labels>
                <label name="severity" value="normal"/>
                <label name="host" value="User-VAIO"/>
                <label name="thread" value="7868@User-VAIO.pool-1-thread-1(14)"/>
            </labels>
        </test-case>
        <test-case start="1482660528844" stop="1482660528845" status="canceled">
            <name>testContinueShopping</name>
            <description type="text">Test checks, redirected user to the page continue shopping after clicking to the btn continue shoppping or not</description>
            <failure>
                <message>: Skipped due to dependency on other skipped or failed test methods</message>
                <stack-trace>ru.yandex.qatools.allure.testng.AllureTestListener$1: Skipped due to dependency on other skipped or failed test methods
	at ru.yandex.qatools.allure.testng.AllureTestListener.fireTestCaseCancel(AllureTestListener.java:356)
	at ru.yandex.qatools.allure.testng.AllureTestListener.onTestSkipped(AllureTestListener.java:171)
	at org.testng.internal.Invoker.runTestListeners(Invoker.java:1683)
	at org.testng.internal.Invoker.runTestListeners(Invoker.java:1675)
	at org.testng.internal.Invoker.invokeMethod(Invoker.java:700)
	at org.testng.internal.Invoker.invokeTestMethod(Invoker.java:820)
	at org.testng.internal.Invoker.invokeTestMethods(Invoker.java:1128)
	at org.testng.internal.TestMethodWorker.invokeTestMethods(TestMethodWorker.java:129)
	at org.testng.internal.TestMethodWorker.run(TestMethodWorker.java:112)
	at java.util.concurrent.ThreadPoolExecutor.runWorker(ThreadPoolExecutor.java:1142)
	at java.util.concurrent.ThreadPoolExecutor$Worker.run(ThreadPoolExecutor.java:617)
	at java.lang.Thread.run(Thread.java:745)
</stack-trace>
            </failure>
            <steps>
                <step start="1482660527834" stop="1482660528836" status="broken">
                    <name>clearChache</name>
                    <title>delete cookie</title>
                </step>
            </steps>
            <attachments/>
            <labels>
                <label name="severity" value="normal"/>
                <label name="host" value="User-VAIO"/>
                <label name="thread" value="7868@User-VAIO.pool-1-thread-1(14)"/>
            </labels>
        </test-case>
        <test-case start="1482660529155" stop="1482660529156" status="canceled">
            <name>testContinueShopping</name>
            <description type="text">Test checks, redirected user to the page continue shopping after clicking to the btn continue shoppping or not</description>
            <failure>
                <message>: Skipped due to dependency on other skipped or failed test methods</message>
                <stack-trace>ru.yandex.qatools.allure.testng.AllureTestListener$1: Skipped due to dependency on other skipped or failed test methods
	at ru.yandex.qatools.allure.testng.AllureTestListener.fireTestCaseCancel(AllureTestListener.java:356)
	at ru.yandex.qatools.allure.testng.AllureTestListener.onTestSkipped(AllureTestListener.java:171)
	at org.testng.internal.Invoker.runTestListeners(Invoker.java:1683)
	at org.testng.internal.Invoker.runTestListeners(Invoker.java:1675)
	at org.testng.internal.Invoker.invokeMethod(Invoker.java:700)
	at org.testng.internal.Invoker.invokeTestMethod(Invoker.java:820)
	at org.testng.internal.Invoker.invokeTestMethods(Invoker.java:1128)
	at org.testng.internal.TestMethodWorker.invokeTestMethods(TestMethodWorker.java:129)
	at org.testng.internal.TestMethodWorker.run(TestMethodWorker.java:112)
	at java.util.concurrent.ThreadPoolExecutor.runWorker(ThreadPoolExecutor.java:1142)
	at java.util.concurrent.ThreadPoolExecutor$Worker.run(ThreadPoolExecutor.java:617)
	at java.lang.Thread.run(Thread.java:745)
</stack-trace>
            </failure>
            <steps>
                <step start="1482660528140" stop="1482660529150" status="broken">
                    <name>cleanCart</name>
                    <title>Remove item from shop cart</title>
                    <steps>
                        <step start="1482660528143" stop="1482660529150" status="broken">
                            <name>goToShopCart</name>
                            <title>Go to shopcart</title>
                        </step>
                    </steps>
                </step>
            </steps>
            <attachments/>
            <labels>
                <label name="severity" value="normal"/>
                <label name="host" value="User-VAIO"/>
                <label name="thread" value="7868@User-VAIO.pool-1-thread-2(15)"/>
            </labels>
        </test-case>
        <test-case start="1482660529155" stop="1482660529156" status="canceled">
            <name>testContinueShopping</name>
            <description type="text">Test checks, redirected user to the page continue shopping after clicking to the btn continue shoppping or not</description>
            <failure>
                <message>: Skipped due to dependency on other skipped or failed test methods</message>
                <stack-trace>ru.yandex.qatools.allure.testng.AllureTestListener$1: Skipped due to dependency on other skipped or failed test methods
	at ru.yandex.qatools.allure.testng.AllureTestListener.fireTestCaseCancel(AllureTestListener.java:356)
	at ru.yandex.qatools.allure.testng.AllureTestListener.onTestSkipped(AllureTestListener.java:171)
	at org.testng.internal.Invoker.runTestListeners(Invoker.java:1683)
	at org.testng.internal.Invoker.runTestListeners(Invoker.java:1675)
	at org.testng.internal.Invoker.invokeMethod(Invoker.java:700)
	at org.testng.internal.Invoker.invokeTestMethod(Invoker.java:820)
	at org.testng.internal.Invoker.invokeTestMethods(Invoker.java:1128)
	at org.testng.internal.TestMethodWorker.invokeTestMethods(TestMethodWorker.java:129)
	at org.testng.internal.TestMethodWorker.run(TestMethodWorker.java:112)
	at java.util.concurrent.ThreadPoolExecutor.runWorker(ThreadPoolExecutor.java:1142)
	at java.util.concurrent.ThreadPoolExecutor$Worker.run(ThreadPoolExecutor.java:617)
	at java.lang.Thread.run(Thread.java:745)
</stack-trace>
            </failure>
            <steps>
                <step start="1482660528140" stop="1482660529150" status="broken">
                    <name>cleanCart</name>
                    <title>Remove item from shop cart</title>
                    <steps>
                        <step start="1482660528143" stop="1482660529150" status="broken">
                            <name>goToShopCart</name>
                            <title>Go to shopcart</title>
                        </step>
                    </steps>
                </step>
            </steps>
            <attachments/>
            <labels>
                <label name="severity" value="normal"/>
                <label name="host" value="User-VAIO"/>
                <label name="thread" value="7868@User-VAIO.pool-1-thread-2(15)"/>
            </labels>
        </test-case>
        <test-case start="1482660529855" stop="1482660529855" status="canceled">
            <name>testFreeShipping</name>
            <description type="text">Test checks is shipping free or not</description>
            <failure>
                <message>: Skipped due to dependency on other skipped or failed test methods</message>
                <stack-trace>ru.yandex.qatools.allure.testng.AllureTestListener$1: Skipped due to dependency on other skipped or failed test methods
	at ru.yandex.qatools.allure.testng.AllureTestListener.fireTestCaseCancel(AllureTestListener.java:356)
	at ru.yandex.qatools.allure.testng.AllureTestListener.onTestSkipped(AllureTestListener.java:171)
	at org.testng.internal.Invoker.runTestListeners(Invoker.java:1683)
	at org.testng.internal.Invoker.runTestListeners(Invoker.java:1675)
	at org.testng.internal.Invoker.invokeMethod(Invoker.java:700)
	at org.testng.internal.Invoker.invokeTestMethod(Invoker.java:820)
	at org.testng.internal.Invoker.invokeTestMethods(Invoker.java:1128)
	at org.testng.internal.TestMethodWorker.invokeTestMethods(TestMethodWorker.java:129)
	at org.testng.internal.TestMethodWorker.run(TestMethodWorker.java:112)
	at java.util.concurrent.ThreadPoolExecutor.runWorker(ThreadPoolExecutor.java:1142)
	at java.util.concurrent.ThreadPoolExecutor$Worker.run(ThreadPoolExecutor.java:617)
	at java.lang.Thread.run(Thread.java:745)
</stack-trace>
            </failure>
            <steps>
                <step start="1482660528848" stop="1482660529850" status="broken">
                    <name>clearChache</name>
                    <title>delete cookie</title>
                </step>
            </steps>
            <attachments/>
            <labels>
                <label name="severity" value="critical"/>
                <label name="host" value="User-VAIO"/>
                <label name="thread" value="7868@User-VAIO.pool-1-thread-1(14)"/>
            </labels>
        </test-case>
        <test-case start="1482660529855" stop="1482660529855" status="canceled">
            <name>testFreeShipping</name>
            <description type="text">Test checks is shipping free or not</description>
            <failure>
                <message>: Skipped due to dependency on other skipped or failed test methods</message>
                <stack-trace>ru.yandex.qatools.allure.testng.AllureTestListener$1: Skipped due to dependency on other skipped or failed test methods
	at ru.yandex.qatools.allure.testng.AllureTestListener.fireTestCaseCancel(AllureTestListener.java:356)
	at ru.yandex.qatools.allure.testng.AllureTestListener.onTestSkipped(AllureTestListener.java:171)
	at org.testng.internal.Invoker.runTestListeners(Invoker.java:1683)
	at org.testng.internal.Invoker.runTestListeners(Invoker.java:1675)
	at org.testng.internal.Invoker.invokeMethod(Invoker.java:700)
	at org.testng.internal.Invoker.invokeTestMethod(Invoker.java:820)
	at org.testng.internal.Invoker.invokeTestMethods(Invoker.java:1128)
	at org.testng.internal.TestMethodWorker.invokeTestMethods(TestMethodWorker.java:129)
	at org.testng.internal.TestMethodWorker.run(TestMethodWorker.java:112)
	at java.util.concurrent.ThreadPoolExecutor.runWorker(ThreadPoolExecutor.java:1142)
	at java.util.concurrent.ThreadPoolExecutor$Worker.run(ThreadPoolExecutor.java:617)
	at java.lang.Thread.run(Thread.java:745)
</stack-trace>
            </failure>
            <steps>
                <step start="1482660528848" stop="1482660529850" status="broken">
                    <name>clearChache</name>
                    <title>delete cookie</title>
                </step>
            </steps>
            <attachments/>
            <labels>
                <label name="severity" value="critical"/>
                <label name="host" value="User-VAIO"/>
                <label name="thread" value="7868@User-VAIO.pool-1-thread-1(14)"/>
            </labels>
        </test-case>
        <test-case start="1482660530168" stop="1482660530169" status="canceled">
            <name>testFreeShipping</name>
            <description type="text">Test checks is shipping free or not</description>
            <failure>
                <message>: Skipped due to dependency on other skipped or failed test methods</message>
                <stack-trace>ru.yandex.qatools.allure.testng.AllureTestListener$1: Skipped due to dependency on other skipped or failed test methods
	at ru.yandex.qatools.allure.testng.AllureTestListener.fireTestCaseCancel(AllureTestListener.java:356)
	at ru.yandex.qatools.allure.testng.AllureTestListener.onTestSkipped(AllureTestListener.java:171)
	at org.testng.internal.Invoker.runTestListeners(Invoker.java:1683)
	at org.testng.internal.Invoker.runTestListeners(Invoker.java:1675)
	at org.testng.internal.Invoker.invokeMethod(Invoker.java:700)
	at org.testng.internal.Invoker.invokeTestMethod(Invoker.java:820)
	at org.testng.internal.Invoker.invokeTestMethods(Invoker.java:1128)
	at org.testng.internal.TestMethodWorker.invokeTestMethods(TestMethodWorker.java:129)
	at org.testng.internal.TestMethodWorker.run(TestMethodWorker.java:112)
	at java.util.concurrent.ThreadPoolExecutor.runWorker(ThreadPoolExecutor.java:1142)
	at java.util.concurrent.ThreadPoolExecutor$Worker.run(ThreadPoolExecutor.java:617)
	at java.lang.Thread.run(Thread.java:745)
</stack-trace>
            </failure>
            <steps>
                <step start="1482660529158" stop="1482660530163" status="broken">
                    <name>cleanCart</name>
                    <title>Remove item from shop cart</title>
                    <steps>
                        <step start="1482660529159" stop="1482660530163" status="broken">
                            <name>goToShopCart</name>
                            <title>Go to shopcart</title>
                        </step>
                    </steps>
                </step>
            </steps>
            <attachments/>
            <labels>
                <label name="severity" value="critical"/>
                <label name="host" value="User-VAIO"/>
                <label name="thread" value="7868@User-VAIO.pool-1-thread-2(15)"/>
            </labels>
        </test-case>
        <test-case start="1482660530168" stop="1482660530169" status="canceled">
            <name>testFreeShipping</name>
            <description type="text">Test checks is shipping free or not</description>
            <failure>
                <message>: Skipped due to dependency on other skipped or failed test methods</message>
                <stack-trace>ru.yandex.qatools.allure.testng.AllureTestListener$1: Skipped due to dependency on other skipped or failed test methods
	at ru.yandex.qatools.allure.testng.AllureTestListener.fireTestCaseCancel(AllureTestListener.java:356)
	at ru.yandex.qatools.allure.testng.AllureTestListener.onTestSkipped(AllureTestListener.java:171)
	at org.testng.internal.Invoker.runTestListeners(Invoker.java:1683)
	at org.testng.internal.Invoker.runTestListeners(Invoker.java:1675)
	at org.testng.internal.Invoker.invokeMethod(Invoker.java:700)
	at org.testng.internal.Invoker.invokeTestMethod(Invoker.java:820)
	at org.testng.internal.Invoker.invokeTestMethods(Invoker.java:1128)
	at org.testng.internal.TestMethodWorker.invokeTestMethods(TestMethodWorker.java:129)
	at org.testng.internal.TestMethodWorker.run(TestMethodWorker.java:112)
	at java.util.concurrent.ThreadPoolExecutor.runWorker(ThreadPoolExecutor.java:1142)
	at java.util.concurrent.ThreadPoolExecutor$Worker.run(ThreadPoolExecutor.java:617)
	at java.lang.Thread.run(Thread.java:745)
</stack-trace>
            </failure>
            <steps>
                <step start="1482660529158" stop="1482660530163" status="broken">
                    <name>cleanCart</name>
                    <title>Remove item from shop cart</title>
                    <steps>
                        <step start="1482660529159" stop="1482660530163" status="broken">
                            <name>goToShopCart</name>
                            <title>Go to shopcart</title>
                        </step>
                    </steps>
                </step>
            </steps>
            <attachments/>
            <labels>
                <label name="severity" value="critical"/>
                <label name="host" value="User-VAIO"/>
                <label name="thread" value="7868@User-VAIO.pool-1-thread-2(15)"/>
            </labels>
        </test-case>
        <test-case start="1482660530888" stop="1482660530889" status="canceled">
            <name>testSumAfterBoxCountChanging</name>
            <description type="text">Changing sum after count product cards changing</description>
            <failure>
                <message>: Skipped due to dependency on other skipped or failed test methods</message>
                <stack-trace>ru.yandex.qatools.allure.testng.AllureTestListener$1: Skipped due to dependency on other skipped or failed test methods
	at ru.yandex.qatools.allure.testng.AllureTestListener.fireTestCaseCancel(AllureTestListener.java:356)
	at ru.yandex.qatools.allure.testng.AllureTestListener.onTestSkipped(AllureTestListener.java:171)
	at org.testng.internal.Invoker.runTestListeners(Invoker.java:1683)
	at org.testng.internal.Invoker.runTestListeners(Invoker.java:1675)
	at org.testng.internal.Invoker.invokeMethod(Invoker.java:700)
	at org.testng.internal.Invoker.invokeTestMethod(Invoker.java:820)
	at org.testng.internal.Invoker.invokeTestMethods(Invoker.java:1128)
	at org.testng.internal.TestMethodWorker.invokeTestMethods(TestMethodWorker.java:129)
	at org.testng.internal.TestMethodWorker.run(TestMethodWorker.java:112)
	at java.util.concurrent.ThreadPoolExecutor.runWorker(ThreadPoolExecutor.java:1142)
	at java.util.concurrent.ThreadPoolExecutor$Worker.run(ThreadPoolExecutor.java:617)
	at java.lang.Thread.run(Thread.java:745)
</stack-trace>
            </failure>
            <steps>
                <step start="1482660529857" stop="1482660530873" status="broken">
                    <name>clearChache</name>
                    <title>delete cookie</title>
                </step>
            </steps>
            <attachments/>
            <labels>
                <label name="severity" value="normal"/>
                <label name="host" value="User-VAIO"/>
                <label name="thread" value="7868@User-VAIO.pool-1-thread-1(14)"/>
            </labels>
        </test-case>
        <test-case start="1482660530888" stop="1482660530889" status="canceled">
            <name>testSumAfterBoxCountChanging</name>
            <description type="text">Changing sum after count product cards changing</description>
            <failure>
                <message>: Skipped due to dependency on other skipped or failed test methods</message>
                <stack-trace>ru.yandex.qatools.allure.testng.AllureTestListener$1: Skipped due to dependency on other skipped or failed test methods
	at ru.yandex.qatools.allure.testng.AllureTestListener.fireTestCaseCancel(AllureTestListener.java:356)
	at ru.yandex.qatools.allure.testng.AllureTestListener.onTestSkipped(AllureTestListener.java:171)
	at org.testng.internal.Invoker.runTestListeners(Invoker.java:1683)
	at org.testng.internal.Invoker.runTestListeners(Invoker.java:1675)
	at org.testng.internal.Invoker.invokeMethod(Invoker.java:700)
	at org.testng.internal.Invoker.invokeTestMethod(Invoker.java:820)
	at org.testng.internal.Invoker.invokeTestMethods(Invoker.java:1128)
	at org.testng.internal.TestMethodWorker.invokeTestMethods(TestMethodWorker.java:129)
	at org.testng.internal.TestMethodWorker.run(TestMethodWorker.java:112)
	at java.util.concurrent.ThreadPoolExecutor.runWorker(ThreadPoolExecutor.java:1142)
	at java.util.concurrent.ThreadPoolExecutor$Worker.run(ThreadPoolExecutor.java:617)
	at java.lang.Thread.run(Thread.java:745)
</stack-trace>
            </failure>
            <steps>
                <step start="1482660529857" stop="1482660530873" status="broken">
                    <name>clearChache</name>
                    <title>delete cookie</title>
                </step>
            </steps>
            <attachments/>
            <labels>
                <label name="severity" value="normal"/>
                <label name="host" value="User-VAIO"/>
                <label name="thread" value="7868@User-VAIO.pool-1-thread-1(14)"/>
            </labels>
        </test-case>
        <test-case start="1482660531182" stop="1482660531183" status="canceled">
            <name>testSaveForLater</name>
            <description type="text">Check saved product for later or not</description>
            <failure>
                <message>: Skipped due to dependency on other skipped or failed test methods</message>
                <stack-trace>ru.yandex.qatools.allure.testng.AllureTestListener$1: Skipped due to dependency on other skipped or failed test methods
	at ru.yandex.qatools.allure.testng.AllureTestListener.fireTestCaseCancel(AllureTestListener.java:356)
	at ru.yandex.qatools.allure.testng.AllureTestListener.onTestSkipped(AllureTestListener.java:171)
	at org.testng.internal.Invoker.runTestListeners(Invoker.java:1683)
	at org.testng.internal.Invoker.runTestListeners(Invoker.java:1675)
	at org.testng.internal.Invoker.invokeMethod(Invoker.java:700)
	at org.testng.internal.Invoker.invokeTestMethod(Invoker.java:820)
	at org.testng.internal.Invoker.invokeTestMethods(Invoker.java:1128)
	at org.testng.internal.TestMethodWorker.invokeTestMethods(TestMethodWorker.java:129)
	at org.testng.internal.TestMethodWorker.run(TestMethodWorker.java:112)
	at java.util.concurrent.ThreadPoolExecutor.runWorker(ThreadPoolExecutor.java:1142)
	at java.util.concurrent.ThreadPoolExecutor$Worker.run(ThreadPoolExecutor.java:617)
	at java.lang.Thread.run(Thread.java:745)
</stack-trace>
            </failure>
            <steps>
                <step start="1482660530171" stop="1482660531174" status="broken">
                    <name>cleanCart</name>
                    <title>Remove item from shop cart</title>
                    <steps>
                        <step start="1482660530172" stop="1482660531174" status="broken">
                            <name>goToShopCart</name>
                            <title>Go to shopcart</title>
                        </step>
                    </steps>
                </step>
            </steps>
            <attachments/>
            <labels>
                <label name="severity" value="normal"/>
                <label name="host" value="User-VAIO"/>
                <label name="thread" value="7868@User-VAIO.pool-1-thread-2(15)"/>
            </labels>
        </test-case>
        <test-case start="1482660531182" stop="1482660531183" status="canceled">
            <name>testSaveForLater</name>
            <description type="text">Check saved product for later or not</description>
            <failure>
                <message>: Skipped due to dependency on other skipped or failed test methods</message>
                <stack-trace>ru.yandex.qatools.allure.testng.AllureTestListener$1: Skipped due to dependency on other skipped or failed test methods
	at ru.yandex.qatools.allure.testng.AllureTestListener.fireTestCaseCancel(AllureTestListener.java:356)
	at ru.yandex.qatools.allure.testng.AllureTestListener.onTestSkipped(AllureTestListener.java:171)
	at org.testng.internal.Invoker.runTestListeners(Invoker.java:1683)
	at org.testng.internal.Invoker.runTestListeners(Invoker.java:1675)
	at org.testng.internal.Invoker.invokeMethod(Invoker.java:700)
	at org.testng.internal.Invoker.invokeTestMethod(Invoker.java:820)
	at org.testng.internal.Invoker.invokeTestMethods(Invoker.java:1128)
	at org.testng.internal.TestMethodWorker.invokeTestMethods(TestMethodWorker.java:129)
	at org.testng.internal.TestMethodWorker.run(TestMethodWorker.java:112)
	at java.util.concurrent.ThreadPoolExecutor.runWorker(ThreadPoolExecutor.java:1142)
	at java.util.concurrent.ThreadPoolExecutor$Worker.run(ThreadPoolExecutor.java:617)
	at java.lang.Thread.run(Thread.java:745)
</stack-trace>
            </failure>
            <steps>
                <step start="1482660530171" stop="1482660531174" status="broken">
                    <name>cleanCart</name>
                    <title>Remove item from shop cart</title>
                    <steps>
                        <step start="1482660530172" stop="1482660531174" status="broken">
                            <name>goToShopCart</name>
                            <title>Go to shopcart</title>
                        </step>
                    </steps>
                </step>
            </steps>
            <attachments/>
            <labels>
                <label name="severity" value="normal"/>
                <label name="host" value="User-VAIO"/>
                <label name="thread" value="7868@User-VAIO.pool-1-thread-2(15)"/>
            </labels>
        </test-case>
        <test-case start="1482660531902" stop="1482660531902" status="canceled">
            <name>testTotalCount</name>
            <description type="text">In test the sum of prices all products in shop cart is computing and then given sum compareswith total sum on the shop cart page</description>
            <failure>
                <message>: Skipped due to dependency on other skipped or failed test methods</message>
                <stack-trace>ru.yandex.qatools.allure.testng.AllureTestListener$1: Skipped due to dependency on other skipped or failed test methods
	at ru.yandex.qatools.allure.testng.AllureTestListener.fireTestCaseCancel(AllureTestListener.java:356)
	at ru.yandex.qatools.allure.testng.AllureTestListener.onTestSkipped(AllureTestListener.java:171)
	at org.testng.internal.Invoker.runTestListeners(Invoker.java:1683)
	at org.testng.internal.Invoker.runTestListeners(Invoker.java:1675)
	at org.testng.internal.Invoker.invokeMethod(Invoker.java:700)
	at org.testng.internal.Invoker.invokeTestMethod(Invoker.java:820)
	at org.testng.internal.Invoker.invokeTestMethods(Invoker.java:1128)
	at org.testng.internal.TestMethodWorker.invokeTestMethods(TestMethodWorker.java:129)
	at org.testng.internal.TestMethodWorker.run(TestMethodWorker.java:112)
	at java.util.concurrent.ThreadPoolExecutor.runWorker(ThreadPoolExecutor.java:1142)
	at java.util.concurrent.ThreadPoolExecutor$Worker.run(ThreadPoolExecutor.java:617)
	at java.lang.Thread.run(Thread.java:745)
</stack-trace>
            </failure>
            <steps>
                <step start="1482660530892" stop="1482660531895" status="broken">
                    <name>clearChache</name>
                    <title>delete cookie</title>
                </step>
            </steps>
            <attachments/>
            <labels>
                <label name="severity" value="normal"/>
                <label name="host" value="User-VAIO"/>
                <label name="thread" value="7868@User-VAIO.pool-1-thread-1(14)"/>
            </labels>
        </test-case>
        <test-case start="1482660531902" stop="1482660531902" status="canceled">
            <name>testTotalCount</name>
            <description type="text">In test the sum of prices all products in shop cart is computing and then given sum compareswith total sum on the shop cart page</description>
            <failure>
                <message>: Skipped due to dependency on other skipped or failed test methods</message>
                <stack-trace>ru.yandex.qatools.allure.testng.AllureTestListener$1: Skipped due to dependency on other skipped or failed test methods
	at ru.yandex.qatools.allure.testng.AllureTestListener.fireTestCaseCancel(AllureTestListener.java:356)
	at ru.yandex.qatools.allure.testng.AllureTestListener.onTestSkipped(AllureTestListener.java:171)
	at org.testng.internal.Invoker.runTestListeners(Invoker.java:1683)
	at org.testng.internal.Invoker.runTestListeners(Invoker.java:1675)
	at org.testng.internal.Invoker.invokeMethod(Invoker.java:700)
	at org.testng.internal.Invoker.invokeTestMethod(Invoker.java:820)
	at org.testng.internal.Invoker.invokeTestMethods(Invoker.java:1128)
	at org.testng.internal.TestMethodWorker.invokeTestMethods(TestMethodWorker.java:129)
	at org.testng.internal.TestMethodWorker.run(TestMethodWorker.java:112)
	at java.util.concurrent.ThreadPoolExecutor.runWorker(ThreadPoolExecutor.java:1142)
	at java.util.concurrent.ThreadPoolExecutor$Worker.run(ThreadPoolExecutor.java:617)
	at java.lang.Thread.run(Thread.java:745)
</stack-trace>
            </failure>
            <steps>
                <step start="1482660530892" stop="1482660531895" status="broken">
                    <name>clearChache</name>
                    <title>delete cookie</title>
                </step>
            </steps>
            <attachments/>
            <labels>
                <label name="severity" value="normal"/>
                <label name="host" value="User-VAIO"/>
                <label name="thread" value="7868@User-VAIO.pool-1-thread-1(14)"/>
            </labels>
        </test-case>
        <test-case start="1482660532195" stop="1482660532196" status="canceled">
            <name>testSumAfterBoxCountChanging</name>
            <description type="text">Changing sum after count product cards changing</description>
            <failure>
                <message>: Skipped due to dependency on other skipped or failed test methods</message>
                <stack-trace>ru.yandex.qatools.allure.testng.AllureTestListener$1: Skipped due to dependency on other skipped or failed test methods
	at ru.yandex.qatools.allure.testng.AllureTestListener.fireTestCaseCancel(AllureTestListener.java:356)
	at ru.yandex.qatools.allure.testng.AllureTestListener.onTestSkipped(AllureTestListener.java:171)
	at org.testng.internal.Invoker.runTestListeners(Invoker.java:1683)
	at org.testng.internal.Invoker.runTestListeners(Invoker.java:1675)
	at org.testng.internal.Invoker.invokeMethod(Invoker.java:700)
	at org.testng.internal.Invoker.invokeTestMethod(Invoker.java:820)
	at org.testng.internal.Invoker.invokeTestMethods(Invoker.java:1128)
	at org.testng.internal.TestMethodWorker.invokeTestMethods(TestMethodWorker.java:129)
	at org.testng.internal.TestMethodWorker.run(TestMethodWorker.java:112)
	at java.util.concurrent.ThreadPoolExecutor.runWorker(ThreadPoolExecutor.java:1142)
	at java.util.concurrent.ThreadPoolExecutor$Worker.run(ThreadPoolExecutor.java:617)
	at java.lang.Thread.run(Thread.java:745)
</stack-trace>
            </failure>
            <steps>
                <step start="1482660531185" stop="1482660532186" status="broken">
                    <name>cleanCart</name>
                    <title>Remove item from shop cart</title>
                    <steps>
                        <step start="1482660531187" stop="1482660532186" status="broken">
                            <name>goToShopCart</name>
                            <title>Go to shopcart</title>
                        </step>
                    </steps>
                </step>
            </steps>
            <attachments/>
            <labels>
                <label name="severity" value="normal"/>
                <label name="host" value="User-VAIO"/>
                <label name="thread" value="7868@User-VAIO.pool-1-thread-2(15)"/>
            </labels>
        </test-case>
        <test-case start="1482660532195" stop="1482660532196" status="canceled">
            <name>testSumAfterBoxCountChanging</name>
            <description type="text">Changing sum after count product cards changing</description>
            <failure>
                <message>: Skipped due to dependency on other skipped or failed test methods</message>
                <stack-trace>ru.yandex.qatools.allure.testng.AllureTestListener$1: Skipped due to dependency on other skipped or failed test methods
	at ru.yandex.qatools.allure.testng.AllureTestListener.fireTestCaseCancel(AllureTestListener.java:356)
	at ru.yandex.qatools.allure.testng.AllureTestListener.onTestSkipped(AllureTestListener.java:171)
	at org.testng.internal.Invoker.runTestListeners(Invoker.java:1683)
	at org.testng.internal.Invoker.runTestListeners(Invoker.java:1675)
	at org.testng.internal.Invoker.invokeMethod(Invoker.java:700)
	at org.testng.internal.Invoker.invokeTestMethod(Invoker.java:820)
	at org.testng.internal.Invoker.invokeTestMethods(Invoker.java:1128)
	at org.testng.internal.TestMethodWorker.invokeTestMethods(TestMethodWorker.java:129)
	at org.testng.internal.TestMethodWorker.run(TestMethodWorker.java:112)
	at java.util.concurrent.ThreadPoolExecutor.runWorker(ThreadPoolExecutor.java:1142)
	at java.util.concurrent.ThreadPoolExecutor$Worker.run(ThreadPoolExecutor.java:617)
	at java.lang.Thread.run(Thread.java:745)
</stack-trace>
            </failure>
            <steps>
                <step start="1482660531185" stop="1482660532186" status="broken">
                    <name>cleanCart</name>
                    <title>Remove item from shop cart</title>
                    <steps>
                        <step start="1482660531187" stop="1482660532186" status="broken">
                            <name>goToShopCart</name>
                            <title>Go to shopcart</title>
                        </step>
                    </steps>
                </step>
            </steps>
            <attachments/>
            <labels>
                <label name="severity" value="normal"/>
                <label name="host" value="User-VAIO"/>
                <label name="thread" value="7868@User-VAIO.pool-1-thread-2(15)"/>
            </labels>
        </test-case>
        <test-case start="1482660532919" stop="1482660532919" status="canceled">
            <name>testTotalSumAfterBoxCountChanging</name>
            <description type="text">Changing total after box count changing</description>
            <failure>
                <message>: Skipped due to dependency on other skipped or failed test methods</message>
                <stack-trace>ru.yandex.qatools.allure.testng.AllureTestListener$1: Skipped due to dependency on other skipped or failed test methods
	at ru.yandex.qatools.allure.testng.AllureTestListener.fireTestCaseCancel(AllureTestListener.java:356)
	at ru.yandex.qatools.allure.testng.AllureTestListener.onTestSkipped(AllureTestListener.java:171)
	at org.testng.internal.Invoker.runTestListeners(Invoker.java:1683)
	at org.testng.internal.Invoker.runTestListeners(Invoker.java:1675)
	at org.testng.internal.Invoker.invokeMethod(Invoker.java:700)
	at org.testng.internal.Invoker.invokeTestMethod(Invoker.java:820)
	at org.testng.internal.Invoker.invokeTestMethods(Invoker.java:1128)
	at org.testng.internal.TestMethodWorker.invokeTestMethods(TestMethodWorker.java:129)
	at org.testng.internal.TestMethodWorker.run(TestMethodWorker.java:112)
	at java.util.concurrent.ThreadPoolExecutor.runWorker(ThreadPoolExecutor.java:1142)
	at java.util.concurrent.ThreadPoolExecutor$Worker.run(ThreadPoolExecutor.java:617)
	at java.lang.Thread.run(Thread.java:745)
</stack-trace>
            </failure>
            <steps>
                <step start="1482660531905" stop="1482660532911" status="broken">
                    <name>clearChache</name>
                    <title>delete cookie</title>
                </step>
            </steps>
            <attachments/>
            <labels>
                <label name="severity" value="normal"/>
                <label name="host" value="User-VAIO"/>
                <label name="thread" value="7868@User-VAIO.pool-1-thread-1(14)"/>
            </labels>
        </test-case>
        <test-case start="1482660532919" stop="1482660532919" status="canceled">
            <name>testTotalSumAfterBoxCountChanging</name>
            <description type="text">Changing total after box count changing</description>
            <failure>
                <message>: Skipped due to dependency on other skipped or failed test methods</message>
                <stack-trace>ru.yandex.qatools.allure.testng.AllureTestListener$1: Skipped due to dependency on other skipped or failed test methods
	at ru.yandex.qatools.allure.testng.AllureTestListener.fireTestCaseCancel(AllureTestListener.java:356)
	at ru.yandex.qatools.allure.testng.AllureTestListener.onTestSkipped(AllureTestListener.java:171)
	at org.testng.internal.Invoker.runTestListeners(Invoker.java:1683)
	at org.testng.internal.Invoker.runTestListeners(Invoker.java:1675)
	at org.testng.internal.Invoker.invokeMethod(Invoker.java:700)
	at org.testng.internal.Invoker.invokeTestMethod(Invoker.java:820)
	at org.testng.internal.Invoker.invokeTestMethods(Invoker.java:1128)
	at org.testng.internal.TestMethodWorker.invokeTestMethods(TestMethodWorker.java:129)
	at org.testng.internal.TestMethodWorker.run(TestMethodWorker.java:112)
	at java.util.concurrent.ThreadPoolExecutor.runWorker(ThreadPoolExecutor.java:1142)
	at java.util.concurrent.ThreadPoolExecutor$Worker.run(ThreadPoolExecutor.java:617)
	at java.lang.Thread.run(Thread.java:745)
</stack-trace>
            </failure>
            <steps>
                <step start="1482660531905" stop="1482660532911" status="broken">
                    <name>clearChache</name>
                    <title>delete cookie</title>
                </step>
            </steps>
            <attachments/>
            <labels>
                <label name="severity" value="normal"/>
                <label name="host" value="User-VAIO"/>
                <label name="thread" value="7868@User-VAIO.pool-1-thread-1(14)"/>
            </labels>
        </test-case>
        <test-case start="1482660533258" stop="1482660533259" status="canceled">
            <name>testTotalCount</name>
            <description type="text">In test the sum of prices all products in shop cart is computing and then given sum compareswith total sum on the shop cart page</description>
            <failure>
                <message>: Skipped due to dependency on other skipped or failed test methods</message>
                <stack-trace>ru.yandex.qatools.allure.testng.AllureTestListener$1: Skipped due to dependency on other skipped or failed test methods
	at ru.yandex.qatools.allure.testng.AllureTestListener.fireTestCaseCancel(AllureTestListener.java:356)
	at ru.yandex.qatools.allure.testng.AllureTestListener.onTestSkipped(AllureTestListener.java:171)
	at org.testng.internal.Invoker.runTestListeners(Invoker.java:1683)
	at org.testng.internal.Invoker.runTestListeners(Invoker.java:1675)
	at org.testng.internal.Invoker.invokeMethod(Invoker.java:700)
	at org.testng.internal.Invoker.invokeTestMethod(Invoker.java:820)
	at org.testng.internal.Invoker.invokeTestMethods(Invoker.java:1128)
	at org.testng.internal.TestMethodWorker.invokeTestMethods(TestMethodWorker.java:129)
	at org.testng.internal.TestMethodWorker.run(TestMethodWorker.java:112)
	at java.util.concurrent.ThreadPoolExecutor.runWorker(ThreadPoolExecutor.java:1142)
	at java.util.concurrent.ThreadPoolExecutor$Worker.run(ThreadPoolExecutor.java:617)
	at java.lang.Thread.run(Thread.java:745)
</stack-trace>
            </failure>
            <steps>
                <step start="1482660532200" stop="1482660533254" status="broken">
                    <name>cleanCart</name>
                    <title>Remove item from shop cart</title>
                    <steps>
                        <step start="1482660532209" stop="1482660533254" status="broken">
                            <name>goToShopCart</name>
                            <title>Go to shopcart</title>
                        </step>
                    </steps>
                </step>
            </steps>
            <attachments/>
            <labels>
                <label name="severity" value="normal"/>
                <label name="host" value="User-VAIO"/>
                <label name="thread" value="7868@User-VAIO.pool-1-thread-2(15)"/>
            </labels>
        </test-case>
        <test-case start="1482660533258" stop="1482660533259" status="canceled">
            <name>testTotalCount</name>
            <description type="text">In test the sum of prices all products in shop cart is computing and then given sum compareswith total sum on the shop cart page</description>
            <failure>
                <message>: Skipped due to dependency on other skipped or failed test methods</message>
                <stack-trace>ru.yandex.qatools.allure.testng.AllureTestListener$1: Skipped due to dependency on other skipped or failed test methods
	at ru.yandex.qatools.allure.testng.AllureTestListener.fireTestCaseCancel(AllureTestListener.java:356)
	at ru.yandex.qatools.allure.testng.AllureTestListener.onTestSkipped(AllureTestListener.java:171)
	at org.testng.internal.Invoker.runTestListeners(Invoker.java:1683)
	at org.testng.internal.Invoker.runTestListeners(Invoker.java:1675)
	at org.testng.internal.Invoker.invokeMethod(Invoker.java:700)
	at org.testng.internal.Invoker.invokeTestMethod(Invoker.java:820)
	at org.testng.internal.Invoker.invokeTestMethods(Invoker.java:1128)
	at org.testng.internal.TestMethodWorker.invokeTestMethods(TestMethodWorker.java:129)
	at org.testng.internal.TestMethodWorker.run(TestMethodWorker.java:112)
	at java.util.concurrent.ThreadPoolExecutor.runWorker(ThreadPoolExecutor.java:1142)
	at java.util.concurrent.ThreadPoolExecutor$Worker.run(ThreadPoolExecutor.java:617)
	at java.lang.Thread.run(Thread.java:745)
</stack-trace>
            </failure>
            <steps>
                <step start="1482660532200" stop="1482660533254" status="broken">
                    <name>cleanCart</name>
                    <title>Remove item from shop cart</title>
                    <steps>
                        <step start="1482660532209" stop="1482660533254" status="broken">
                            <name>goToShopCart</name>
                            <title>Go to shopcart</title>
                        </step>
                    </steps>
                </step>
            </steps>
            <attachments/>
            <labels>
                <label name="severity" value="normal"/>
                <label name="host" value="User-VAIO"/>
                <label name="thread" value="7868@User-VAIO.pool-1-thread-2(15)"/>
            </labels>
        </test-case>
        <test-case start="1482660533931" stop="1482660533931" status="canceled">
            <name>homePageLogOut</name>
            <description type="text">Log out</description>
            <failure>
                <message>: Skipped due to dependency on other skipped or failed test methods</message>
                <stack-trace>ru.yandex.qatools.allure.testng.AllureTestListener$1: Skipped due to dependency on other skipped or failed test methods
	at ru.yandex.qatools.allure.testng.AllureTestListener.fireTestCaseCancel(AllureTestListener.java:356)
	at ru.yandex.qatools.allure.testng.AllureTestListener.onTestSkipped(AllureTestListener.java:171)
	at org.testng.internal.Invoker.runTestListeners(Invoker.java:1683)
	at org.testng.internal.Invoker.runTestListeners(Invoker.java:1675)
	at org.testng.internal.Invoker.invokeMethod(Invoker.java:700)
	at org.testng.internal.Invoker.invokeTestMethod(Invoker.java:820)
	at org.testng.internal.Invoker.invokeTestMethods(Invoker.java:1128)
	at org.testng.internal.TestMethodWorker.invokeTestMethods(TestMethodWorker.java:129)
	at org.testng.internal.TestMethodWorker.run(TestMethodWorker.java:112)
	at java.util.concurrent.ThreadPoolExecutor.runWorker(ThreadPoolExecutor.java:1142)
	at java.util.concurrent.ThreadPoolExecutor$Worker.run(ThreadPoolExecutor.java:617)
	at java.lang.Thread.run(Thread.java:745)
</stack-trace>
            </failure>
            <steps>
                <step start="1482660532922" stop="1482660533925" status="broken">
                    <name>clearChache</name>
                    <title>delete cookie</title>
                </step>
            </steps>
            <attachments/>
            <labels>
                <label name="severity" value="critical"/>
                <label name="host" value="User-VAIO"/>
                <label name="thread" value="7868@User-VAIO.pool-1-thread-1(14)"/>
            </labels>
        </test-case>
        <test-case start="1482660533931" stop="1482660533931" status="canceled">
            <name>homePageLogOut</name>
            <description type="text">Log out</description>
            <failure>
                <message>: Skipped due to dependency on other skipped or failed test methods</message>
                <stack-trace>ru.yandex.qatools.allure.testng.AllureTestListener$1: Skipped due to dependency on other skipped or failed test methods
	at ru.yandex.qatools.allure.testng.AllureTestListener.fireTestCaseCancel(AllureTestListener.java:356)
	at ru.yandex.qatools.allure.testng.AllureTestListener.onTestSkipped(AllureTestListener.java:171)
	at org.testng.internal.Invoker.runTestListeners(Invoker.java:1683)
	at org.testng.internal.Invoker.runTestListeners(Invoker.java:1675)
	at org.testng.internal.Invoker.invokeMethod(Invoker.java:700)
	at org.testng.internal.Invoker.invokeTestMethod(Invoker.java:820)
	at org.testng.internal.Invoker.invokeTestMethods(Invoker.java:1128)
	at org.testng.internal.TestMethodWorker.invokeTestMethods(TestMethodWorker.java:129)
	at org.testng.internal.TestMethodWorker.run(TestMethodWorker.java:112)
	at java.util.concurrent.ThreadPoolExecutor.runWorker(ThreadPoolExecutor.java:1142)
	at java.util.concurrent.ThreadPoolExecutor$Worker.run(ThreadPoolExecutor.java:617)
	at java.lang.Thread.run(Thread.java:745)
</stack-trace>
            </failure>
            <steps>
                <step start="1482660532922" stop="1482660533925" status="broken">
                    <name>clearChache</name>
                    <title>delete cookie</title>
                </step>
            </steps>
            <attachments/>
            <labels>
                <label name="severity" value="critical"/>
                <label name="host" value="User-VAIO"/>
                <label name="thread" value="7868@User-VAIO.pool-1-thread-1(14)"/>
            </labels>
        </test-case>
        <test-case start="1482660533934" stop="1482660533935" status="canceled">
            <name>testHomePageLogin</name>
            <description type="text">Log in</description>
            <failure>
                <message>: Skipped due to dependency on other skipped or failed test methods</message>
                <stack-trace>ru.yandex.qatools.allure.testng.AllureTestListener$1: Skipped due to dependency on other skipped or failed test methods
	at ru.yandex.qatools.allure.testng.AllureTestListener.fireTestCaseCancel(AllureTestListener.java:356)
	at ru.yandex.qatools.allure.testng.AllureTestListener.onTestSkipped(AllureTestListener.java:171)
	at org.testng.internal.Invoker.runTestListeners(Invoker.java:1683)
	at org.testng.internal.Invoker.runTestListeners(Invoker.java:1675)
	at org.testng.internal.Invoker.invokeMethod(Invoker.java:700)
	at org.testng.internal.Invoker.invokeTestMethod(Invoker.java:820)
	at org.testng.internal.Invoker.invokeTestMethods(Invoker.java:1128)
	at org.testng.internal.TestMethodWorker.invokeTestMethods(TestMethodWorker.java:129)
	at org.testng.internal.TestMethodWorker.run(TestMethodWorker.java:112)
	at java.util.concurrent.ThreadPoolExecutor.runWorker(ThreadPoolExecutor.java:1142)
	at java.util.concurrent.ThreadPoolExecutor$Worker.run(ThreadPoolExecutor.java:617)
	at java.lang.Thread.run(Thread.java:745)
</stack-trace>
            </failure>
            <steps/>
            <attachments/>
            <labels>
                <label name="severity" value="critical"/>
                <label name="host" value="User-VAIO"/>
                <label name="thread" value="7868@User-VAIO.pool-1-thread-1(14)"/>
            </labels>
        </test-case>
        <test-case start="1482660533934" stop="1482660533935" status="canceled">
            <name>testHomePageLogin</name>
            <description type="text">Log in</description>
            <failure>
                <message>: Skipped due to dependency on other skipped or failed test methods</message>
                <stack-trace>ru.yandex.qatools.allure.testng.AllureTestListener$1: Skipped due to dependency on other skipped or failed test methods
	at ru.yandex.qatools.allure.testng.AllureTestListener.fireTestCaseCancel(AllureTestListener.java:356)
	at ru.yandex.qatools.allure.testng.AllureTestListener.onTestSkipped(AllureTestListener.java:171)
	at org.testng.internal.Invoker.runTestListeners(Invoker.java:1683)
	at org.testng.internal.Invoker.runTestListeners(Invoker.java:1675)
	at org.testng.internal.Invoker.invokeMethod(Invoker.java:700)
	at org.testng.internal.Invoker.invokeTestMethod(Invoker.java:820)
	at org.testng.internal.Invoker.invokeTestMethods(Invoker.java:1128)
	at org.testng.internal.TestMethodWorker.invokeTestMethods(TestMethodWorker.java:129)
	at org.testng.internal.TestMethodWorker.run(TestMethodWorker.java:112)
	at java.util.concurrent.ThreadPoolExecutor.runWorker(ThreadPoolExecutor.java:1142)
	at java.util.concurrent.ThreadPoolExecutor$Worker.run(ThreadPoolExecutor.java:617)
	at java.lang.Thread.run(Thread.java:745)
</stack-trace>
            </failure>
            <steps/>
            <attachments/>
            <labels>
                <label name="severity" value="critical"/>
                <label name="host" value="User-VAIO"/>
                <label name="thread" value="7868@User-VAIO.pool-1-thread-1(14)"/>
            </labels>
        </test-case>
        <test-case start="1482660534271" stop="1482660534272" status="canceled">
            <name>testTotalSumAfterBoxCountChanging</name>
            <description type="text">Changing total after box count changing</description>
            <failure>
                <message>: Skipped due to dependency on other skipped or failed test methods</message>
                <stack-trace>ru.yandex.qatools.allure.testng.AllureTestListener$1: Skipped due to dependency on other skipped or failed test methods
	at ru.yandex.qatools.allure.testng.AllureTestListener.fireTestCaseCancel(AllureTestListener.java:356)
	at ru.yandex.qatools.allure.testng.AllureTestListener.onTestSkipped(AllureTestListener.java:171)
	at org.testng.internal.Invoker.runTestListeners(Invoker.java:1683)
	at org.testng.internal.Invoker.runTestListeners(Invoker.java:1675)
	at org.testng.internal.Invoker.invokeMethod(Invoker.java:700)
	at org.testng.internal.Invoker.invokeTestMethod(Invoker.java:820)
	at org.testng.internal.Invoker.invokeTestMethods(Invoker.java:1128)
	at org.testng.internal.TestMethodWorker.invokeTestMethods(TestMethodWorker.java:129)
	at org.testng.internal.TestMethodWorker.run(TestMethodWorker.java:112)
	at java.util.concurrent.ThreadPoolExecutor.runWorker(ThreadPoolExecutor.java:1142)
	at java.util.concurrent.ThreadPoolExecutor$Worker.run(ThreadPoolExecutor.java:617)
	at java.lang.Thread.run(Thread.java:745)
</stack-trace>
            </failure>
            <steps>
                <step start="1482660533260" stop="1482660534266" status="broken">
                    <name>cleanCart</name>
                    <title>Remove item from shop cart</title>
                    <steps>
                        <step start="1482660533262" stop="1482660534266" status="broken">
                            <name>goToShopCart</name>
                            <title>Go to shopcart</title>
                        </step>
                    </steps>
                </step>
            </steps>
            <attachments/>
            <labels>
                <label name="severity" value="normal"/>
                <label name="host" value="User-VAIO"/>
                <label name="thread" value="7868@User-VAIO.pool-1-thread-2(15)"/>
            </labels>
        </test-case>
        <test-case start="1482660534271" stop="1482660534272" status="canceled">
            <name>testTotalSumAfterBoxCountChanging</name>
            <description type="text">Changing total after box count changing</description>
            <failure>
                <message>: Skipped due to dependency on other skipped or failed test methods</message>
                <stack-trace>ru.yandex.qatools.allure.testng.AllureTestListener$1: Skipped due to dependency on other skipped or failed test methods
	at ru.yandex.qatools.allure.testng.AllureTestListener.fireTestCaseCancel(AllureTestListener.java:356)
	at ru.yandex.qatools.allure.testng.AllureTestListener.onTestSkipped(AllureTestListener.java:171)
	at org.testng.internal.Invoker.runTestListeners(Invoker.java:1683)
	at org.testng.internal.Invoker.runTestListeners(Invoker.java:1675)
	at org.testng.internal.Invoker.invokeMethod(Invoker.java:700)
	at org.testng.internal.Invoker.invokeTestMethod(Invoker.java:820)
	at org.testng.internal.Invoker.invokeTestMethods(Invoker.java:1128)
	at org.testng.internal.TestMethodWorker.invokeTestMethods(TestMethodWorker.java:129)
	at org.testng.internal.TestMethodWorker.run(TestMethodWorker.java:112)
	at java.util.concurrent.ThreadPoolExecutor.runWorker(ThreadPoolExecutor.java:1142)
	at java.util.concurrent.ThreadPoolExecutor$Worker.run(ThreadPoolExecutor.java:617)
	at java.lang.Thread.run(Thread.java:745)
</stack-trace>
            </failure>
            <steps>
                <step start="1482660533260" stop="1482660534266" status="broken">
                    <name>cleanCart</name>
                    <title>Remove item from shop cart</title>
                    <steps>
                        <step start="1482660533262" stop="1482660534266" status="broken">
                            <name>goToShopCart</name>
                            <title>Go to shopcart</title>
                        </step>
                    </steps>
                </step>
            </steps>
            <attachments/>
            <labels>
                <label name="severity" value="normal"/>
                <label name="host" value="User-VAIO"/>
                <label name="thread" value="7868@User-VAIO.pool-1-thread-2(15)"/>
            </labels>
        </test-case>
    </test-cases>
    <labels>
        <label name="framework" value="TestNG"/>
        <label name="language" value="JAVA"/>
    </labels>
</ns2:test-suite>
